2023-06-25 07:46:29,144 [INFO] MainUpdater:2854 - connection check result : 10
2023-06-25 07:46:29,275 [INFO] McuFinderGlobals:66 - Set McuFinderConnectedMode to true
2023-06-25 07:46:29,277 [INFO] MultiScanPanel:200 - Auto-refresh data requested => check proxy status ongoing
2023-06-25 07:46:29,277 [INFO] FinderPluginLoader:95 - Searching for filters in installed packs
2023-06-25 07:46:30,066 [INFO] LoadUrlFilesThread:185 - End of LoadServerUrlFiles without Thread
2023-06-25 07:46:30,066 [INFO] DetailPanel:341 - Set advertising image to C:/Users/tnc/STM32Cube/Repository/\en.prom-stm32h5-mcu-finder.jpg
2023-06-25 07:46:33,906 [INFO] MultiScanPanel:200 - Auto-refresh data requested => check proxy status ongoing
2023-06-25 07:46:33,991 [INFO] LoadUrlFilesThread:185 - End of LoadServerUrlFiles without Thread
2023-06-25 07:46:33,991 [INFO] DetailPanel:341 - Set advertising image to C:/Users/tnc/STM32Cube/Repository/\en.prom-stm32h5-mcu-finder.jpg
2023-06-25 07:47:13,372 [INFO] MainUpdater:2854 - connection check result : 10
2023-06-25 07:47:13,372 [INFO] MainUpdater:2854 - connection check result : 10
2023-06-25 07:47:13,452 [INFO] I2sManager:658 - 9.6E7
2023-06-25 07:47:13,452 [INFO] I2sManager:195 - I2S Clock Value : 9.6E7
2023-06-25 07:47:13,453 [INFO] I2sManager:553 - AudioClock : 93750Divider : 2Odd : 0
2023-06-25 07:47:13,456 [INFO] MicroXplorer:468 - Change Database Path : 
2023-06-25 07:47:13,456 [INFO] MicroXplorer:498 - Change Database Version : DB.6.0.80
2023-06-25 07:47:13,481 [WARN] ThirdParty:871 - waiting for thirdparty lock release [close project]
2023-06-25 07:47:13,481 [INFO] ThirdParty:873 - entering critical section [close project]
2023-06-25 07:47:13,481 [INFO] ThirdParty:883 - exiting critical section [close project]
2023-06-25 07:47:13,483 [INFO] PinOutPanel:1499 - setPackage(No Configuration,No Configuration)
2023-06-25 07:47:13,490 [WARN] IpParametersView:150 - Warning: This peripheral hasn't parameters
2023-06-25 07:47:13,494 [WARN] MainPanel:257 - <html><b><center>Warning: This peripheral has no parameters to be configured<br></b></html>
2023-06-25 07:47:13,497 [INFO] UtilMem:75 - Begin LoadConfig() Used Memory: 590502496 Bytes (1065353216)
2023-06-25 07:47:13,500 [INFO] OpenFileManager:308 - Change cursor
2023-06-25 07:47:13,515 [INFO] ProjectFactory:402 - No CPN specified for board STM32F407G-DISC1 => set CPN to STM32F407VGT6
2023-06-25 07:47:13,516 [INFO] Mcu:1937 - Initializing MCU STM32F407V(E-G)Tx STM32F407VGTx STM32F407VGT6
2023-06-25 07:47:15,383 [INFO] Context:659 - Trying to add GPIOservice into a context  which must be forbidden
2023-06-25 07:47:15,702 [INFO] Rule:228 - rule 117617 - U5Cobra4M][GTZC] default value MPCBB3 and MPCBB5 - Not Secured memory - MPCBB1 is applicable
2023-06-25 07:47:15,702 [INFO] Rule:228 - rule 117617 - U5Cobra4M][GTZC] default value MPCBB3 and MPCBB5 - Not Secured memory - MPCBB1 is applicable
2023-06-25 07:47:15,702 [INFO] Rule:228 - rule 117617 - U5Cobra4M][GTZC] default value MPCBB3 and MPCBB5 - Not Secured memory - MPCBB2 is applicable
2023-06-25 07:47:15,702 [INFO] Rule:228 - rule 117617 - U5Cobra4M][GTZC] default value MPCBB3 and MPCBB5 - Not Secured memory - MPCBB2 is applicable
2023-06-25 07:47:15,702 [INFO] Rule:228 - rule 117617 - U5Cobra4M][GTZC] default value MPCBB3 and MPCBB5 - Not Secured memory - MPCBB3 is applicable
2023-06-25 07:47:15,702 [INFO] Rule:228 - rule 117617 - U5Cobra4M][GTZC] default value MPCBB3 and MPCBB5 - Not Secured memory - MPCBB3 is applicable
2023-06-25 07:47:15,702 [INFO] Rule:228 - rule 117617 - U5Cobra4M][GTZC] default value MPCBB3 and MPCBB5 - Not Secured memory - MPCBB4 is applicable
2023-06-25 07:47:15,702 [INFO] Rule:228 - rule 117617 - U5Cobra4M][GTZC] default value MPCBB3 and MPCBB5 - Not Secured memory - MPCBB4 is applicable
2023-06-25 07:47:15,702 [INFO] Rule:228 - rule 117617 - U5Cobra4M][GTZC] default value MPCBB3 and MPCBB5 - Secured memory - MPCBB1 is applicable
2023-06-25 07:47:15,702 [INFO] Rule:228 - rule 117617 - U5Cobra4M][GTZC] default value MPCBB3 and MPCBB5 - Secured memory - MPCBB2 is applicable
2023-06-25 07:47:15,702 [INFO] Rule:228 - rule 117617 - U5Cobra4M][GTZC] default value MPCBB3 and MPCBB5 - Secured memory - MPCBB3 is applicable
2023-06-25 07:47:15,702 [INFO] Rule:228 - rule 117617 - U5Cobra4M][GTZC] default value MPCBB3 and MPCBB5 - Secured memory - MPCBB4 is applicable
2023-06-25 07:47:15,702 [INFO] Rule:228 - rule 117617 - U5Cobra4M][GTZC] default value MPCBB3 and MPCBB5 - Privileged memory - MPCBB1 is applicable
2023-06-25 07:47:15,702 [INFO] Rule:228 - rule 117617 - U5Cobra4M][GTZC] default value MPCBB3 and MPCBB5 - Privileged memory - MPCBB2 is applicable
2023-06-25 07:47:15,703 [INFO] Rule:228 - rule 117617 - U5Cobra4M][GTZC] default value MPCBB3 and MPCBB5 - Privileged memory - MPCBB3 is applicable
2023-06-25 07:47:15,703 [INFO] Rule:228 - rule 117617 - U5Cobra4M][GTZC] default value MPCBB3 and MPCBB5 - Privileged memory - MPCBB4 is applicable
2023-06-25 07:47:15,703 [INFO] Rule:228 - rule 117617 - U5Cobra4M][GTZC] default value MPCBB3 and MPCBB5 - Not Privileged memory - MPCBB1 is applicable
2023-06-25 07:47:15,703 [INFO] Rule:228 - rule 117617 - U5Cobra4M][GTZC] default value MPCBB3 and MPCBB5 - Not Privileged memory - MPCBB2 is applicable
2023-06-25 07:47:15,703 [INFO] Rule:228 - rule 117617 - U5Cobra4M][GTZC] default value MPCBB3 and MPCBB5 - Not Privileged memory - MPCBB3 is applicable
2023-06-25 07:47:15,703 [INFO] Rule:228 - rule 117617 - U5Cobra4M][GTZC] default value MPCBB3 and MPCBB5 - Not Privileged memory - MPCBB4 is applicable
2023-06-25 07:47:15,703 [INFO] Rule:228 - rule 117617 - U5Cobra4M][GTZC] default value MPCBB3 and MPCBB5 - Privileged memory - MPCBB1 is applicable
2023-06-25 07:47:15,703 [INFO] Rule:228 - rule 117617 - U5Cobra4M][GTZC] default value MPCBB3 and MPCBB5 - Privileged memory - MPCBB2 is applicable
2023-06-25 07:47:15,703 [INFO] Rule:228 - rule 117617 - U5Cobra4M][GTZC] default value MPCBB3 and MPCBB5 - Privileged memory - MPCBB3 is applicable
2023-06-25 07:47:15,703 [INFO] Rule:228 - rule 117617 - U5Cobra4M][GTZC] default value MPCBB3 and MPCBB5 - Privileged memory - MPCBB4 is applicable
2023-06-25 07:47:15,703 [INFO] Rule:228 - rule 117617 - U5Cobra4M][GTZC] default value MPCBB3 and MPCBB5 - Privileged memory - MPCBB1 is applicable
2023-06-25 07:47:15,703 [INFO] Rule:228 - rule 117617 - U5Cobra4M][GTZC] default value MPCBB3 and MPCBB5 - Privileged memory - MPCBB2 is applicable
2023-06-25 07:47:15,703 [INFO] Rule:228 - rule 117617 - U5Cobra4M][GTZC] default value MPCBB3 and MPCBB5 - Privileged memory - MPCBB3 is applicable
2023-06-25 07:47:15,704 [INFO] Rule:228 - rule 117617 - U5Cobra4M][GTZC] default value MPCBB3 and MPCBB5 - Privileged memory - MPCBB4 is applicable
2023-06-25 07:47:15,704 [INFO] Rule:228 - rule 117617 - U5Cobra4M][GTZC] default value MPCBB3 and MPCBB5 - Not Privileged memory - MPCBB1 is applicable
2023-06-25 07:47:15,704 [INFO] Rule:228 - rule 117617 - U5Cobra4M][GTZC] default value MPCBB3 and MPCBB5 - Not Privileged memory - MPCBB2 is applicable
2023-06-25 07:47:15,704 [INFO] Rule:228 - rule 117617 - U5Cobra4M][GTZC] default value MPCBB3 and MPCBB5 - Not Privileged memory - MPCBB3 is applicable
2023-06-25 07:47:15,704 [INFO] Rule:228 - rule 117617 - U5Cobra4M][GTZC] default value MPCBB3 and MPCBB5 - Not Privileged memory - MPCBB4 is applicable
2023-06-25 07:47:15,704 [INFO] Rule:228 - rule 117617 - U5Cobra4M][GTZC] default value MPCBB3 and MPCBB5 - Privileged memory - MPCBB1 is applicable
2023-06-25 07:47:15,704 [INFO] Rule:228 - rule 117617 - U5Cobra4M][GTZC] default value MPCBB3 and MPCBB5 - Privileged memory - MPCBB2 is applicable
2023-06-25 07:47:15,704 [INFO] Rule:228 - rule 117617 - U5Cobra4M][GTZC] default value MPCBB3 and MPCBB5 - Privileged memory - MPCBB3 is applicable
2023-06-25 07:47:15,704 [INFO] Rule:228 - rule 117617 - U5Cobra4M][GTZC] default value MPCBB3 and MPCBB5 - Privileged memory - MPCBB4 is applicable
2023-06-25 07:47:15,704 [INFO] Rule:228 - rule Rename SubGHz_Phy SUBGHZ_APPLICATION SUBGHZ_PINGPONG to SUBGHZ_ADV_APPLICATION is applicable
2023-06-25 07:47:15,704 [INFO] Rule:228 - rule Rename Enabled to IBEACON is applicable
2023-06-25 07:47:15,704 [INFO] Rule:228 - rule GTZC_S instance for project manager is applicable
2023-06-25 07:47:15,704 [INFO] Rule:228 - rule GTZC_S instance for context M33S is applicable
2023-06-25 07:47:15,704 [INFO] Rule:228 - rule GTZC_S instance value for IP GTZC is applicable
2023-06-25 07:47:15,704 [INFO] Rule:228 - rule GTZC_S instance for mcu.IP is applicable
2023-06-25 07:47:15,704 [INFO] Rule:228 - rule GTZC_S instance for VP is applicable
2023-06-25 07:47:15,704 [INFO] Rule:228 - rule GTZC_S instance for signal is applicable
2023-06-25 07:47:15,704 [INFO] Rule:228 - rule GTZC_S instance for mcu.Pin is applicable
2023-06-25 07:47:15,704 [INFO] Rule:228 - rule GTZC_S instance for VP is applicable
2023-06-25 07:47:15,704 [INFO] Rule:228 - rule GTZC_S instance for signal is applicable
2023-06-25 07:47:15,704 [INFO] Rule:228 - rule GTZC_S instance for mcu is applicable
2023-06-25 07:47:15,704 [INFO] Rule:228 - rule GTZC_S instance for mcu.Pin is applicable
2023-06-25 07:47:15,704 [INFO] Rule:228 - rule GTZC_S instance value for IP GTZC is applicable
2023-06-25 07:47:15,704 [INFO] Rule:228 - rule GTZC_S instance for project manager is applicable
2023-06-25 07:47:15,705 [INFO] Rule:228 - rule GTZC_S instance for context M33S is applicable
2023-06-25 07:47:15,705 [INFO] Rule:228 - rule GTZC_S instance for VP is applicable
2023-06-25 07:47:15,705 [INFO] Rule:228 - rule GTZC_S instance for signal is applicable
2023-06-25 07:47:15,705 [INFO] Rule:228 - rule SPDIFRX instance for mcu is applicable
2023-06-25 07:47:15,705 [INFO] Rule:228 - rule Rename Tracer Mode is applicable
2023-06-25 07:47:15,705 [INFO] Rule:228 - rule SPDIFRX instance value for IP SPDIFRX is applicable
2023-06-25 07:47:15,705 [INFO] Rule:228 - rule SPDIFRX instance for signal is applicable
2023-06-25 07:47:15,705 [INFO] Rule:228 - rule SPDIFRX instance for project manager is applicable
2023-06-25 07:47:15,705 [INFO] Rule:228 - rule SPDIFRX instance for project manager is applicable
2023-06-25 07:47:15,705 [INFO] Rule:228 - rule ADC Scan  fix with FW F7 is applicable
2023-06-25 07:47:15,705 [INFO] Rule:228 - rule ADC Scan  fix with FW F7 is applicable
2023-06-25 07:47:15,705 [INFO] Rule:228 - rule WakeUp0 Mode is applicable
2023-06-25 07:47:15,705 [INFO] Rule:228 - rule WakeUp0 SIGNAL is applicable
2023-06-25 07:47:15,705 [INFO] Rule:228 - rule WakeUp1 Mode is applicable
2023-06-25 07:47:15,705 [INFO] Rule:228 - rule WakeUp1 SIGNAL is applicable
2023-06-25 07:47:15,705 [INFO] Rule:228 - rule WakeUp2 Mode is applicable
2023-06-25 07:47:15,705 [INFO] Rule:228 - rule WakeUp2 SIGNAL is applicable
2023-06-25 07:47:15,705 [INFO] Rule:228 - rule WakeUp4 Mode is applicable
2023-06-25 07:47:15,705 [INFO] Rule:228 - rule WakeUp4 SIGNAL is applicable
2023-06-25 07:47:15,705 [INFO] Rule:228 - rule WakeUp5 Mode is applicable
2023-06-25 07:47:15,706 [INFO] Rule:228 - rule WakeUp5 SIGNAL is applicable
2023-06-25 07:47:15,706 [INFO] Rule:228 - rule Add RTC Activate Clock Source is applicable
2023-06-25 07:47:15,706 [INFO] Rule:228 - rule Add RTC Activate Calendar 1 is applicable
2023-06-25 07:47:15,706 [INFO] Rule:228 - rule Add RTC Activate Calendar 2 is applicable
2023-06-25 07:47:15,706 [INFO] Rule:228 - rule Add RTC Activate Calendar 3 is applicable
2023-06-25 07:47:15,706 [INFO] Rule:228 - rule UART/USART TX Mode is applicable
2023-06-25 07:47:15,706 [INFO] Rule:228 - rule UART/USART RX Mode is applicable
2023-06-25 07:47:15,706 [INFO] Rule:228 - rule UART/USART RX TX Mode is applicable
2023-06-25 07:47:15,706 [INFO] Rule:228 - rule UART/USART PARITY NONE is applicable
2023-06-25 07:47:15,706 [INFO] Rule:228 - rule UART/USART PARITY EVEN is applicable
2023-06-25 07:47:15,706 [INFO] Rule:228 - rule UART/USART PARITY ODD is applicable
2023-06-25 07:47:15,706 [INFO] Rule:228 - rule USART StopBits 1 is applicable
2023-06-25 07:47:15,706 [INFO] Rule:228 - rule USART StopBits 2 is applicable
2023-06-25 07:47:15,706 [INFO] Rule:228 - rule USART StopBits 1.5 is applicable
2023-06-25 07:47:15,706 [INFO] Rule:228 - rule USART StopBits 0.5 is applicable
2023-06-25 07:47:15,706 [INFO] Rule:228 - rule UART/USART WORD LENGTH 7 is applicable
2023-06-25 07:47:15,706 [INFO] Rule:228 - rule UART/USART WORD LENGTH 8 is applicable
2023-06-25 07:47:15,706 [INFO] Rule:228 - rule UART/USART WORD LENGTH 9 is applicable
2023-06-25 07:47:15,706 [INFO] Rule:228 - rule Rename FMC NAND NCE signal is applicable
2023-06-25 07:47:15,706 [INFO] Rule:228 - rule Rename FMC NAND INT signal is applicable
2023-06-25 07:47:15,706 [INFO] Rule:228 - rule Change Default Value for LSE Drive Capability for WB family is applicable
2023-06-25 07:47:15,706 [INFO] Rule:228 - rule Change Default Value for ADC Clock Prescaler G0 family is applicable
2023-06-25 07:47:15,706 [INFO] Rule:228 - rule Change Default Value for ADC ExternalTrigConv L4 family is applicable
2023-06-25 07:47:15,706 [INFO] Rule:228 - rule Change Default Value for ADC ExternalTrigInjecConv L4 family is applicable
2023-06-25 07:47:15,706 [INFO] Rule:228 - rule Change Default Value for ADC ExternalTrigConv F3 family is applicable
2023-06-25 07:47:15,706 [INFO] Rule:228 - rule Change Default Value for ADC ExternalTrigInjecConv F3 family is applicable
2023-06-25 07:47:15,706 [INFO] Rule:228 - rule Change Default Value for ADC ExternalTrigConv Goldfish serie is applicable
2023-06-25 07:47:15,706 [INFO] Rule:228 - rule Change Default Value for ADC ExternalTrigInjecConv Goldfish serie is applicable
2023-06-25 07:47:15,706 [INFO] Rule:228 - rule Change Default Value for ADC ExternalTrigConv L0 family is applicable
2023-06-25 07:47:15,706 [INFO] Rule:228 - rule Change Default Value for ADC ExternalTrigConv F0 family is applicable
2023-06-25 07:47:15,706 [INFO] Rule:228 - rule Change Default Value for ADC ExternalTrigConvn L1 family is applicable
2023-06-25 07:47:15,706 [INFO] Rule:228 - rule Change Default Value for ADC ExternalTrigInjecConv L1 family is applicable
2023-06-25 07:47:15,706 [INFO] Rule:228 - rule Change Default Value for ADC ExternalTrigConv F1 family is applicable
2023-06-25 07:47:15,707 [INFO] Rule:228 - rule Change Default Value for ADC ExternalTrigInjecConv F1 family is applicable
2023-06-25 07:47:15,707 [INFO] Rule:228 - rule Change Default Value for ADC ExternalTrigConv F7 family is applicable
2023-06-25 07:47:15,707 [INFO] Rule:228 - rule Change Default Value for ADC ExternalTrigInjecConv F7 family is applicable
2023-06-25 07:47:15,707 [INFO] Rule:228 - rule Change Default Value for ADC ExternalTrigConv F4 and F2 family is applicable
2023-06-25 07:47:15,707 [INFO] Rule:228 - rule Change Default Value for ADC ExternalTrigInjecConv F4 and F2 family is applicable
2023-06-25 07:47:15,707 [INFO] Rule:228 - rule ADC SamplingTime fix with FW L0  is applicable
2023-06-25 07:47:15,707 [INFO] Rule:228 - rule ADC SamplingTime fix with FW L0  is applicable
2023-06-25 07:47:15,707 [INFO] Rule:228 - rule ADC SamplingTime fix with FW L0 is applicable
2023-06-25 07:47:15,707 [INFO] Rule:228 - rule ADC SamplingTime fix with FW L0 is applicable
2023-06-25 07:47:15,707 [INFO] Rule:228 - rule ADC SamplingTime fix with FW L0  is applicable
2023-06-25 07:47:15,707 [INFO] Rule:228 - rule ADC SamplingTime fix with FW L0 is applicable
2023-06-25 07:47:15,707 [INFO] Rule:228 - rule Rename USB_OE Signal is applicable
2023-06-25 07:47:15,707 [INFO] Rule:228 - rule Rename Activate_OE Mode is applicable
2023-06-25 07:47:15,707 [INFO] Rule:228 - rule Rename DIE462/DIE415 pin PC14/OSC32_IN -> PC14-OSC32_IN (PC14) is applicable
2023-06-25 07:47:15,707 [INFO] Rule:228 - rule Rename DIE462/DIE415 pin PC15/OSC32_OUT -> PC15-OSC32_OUT (PC15) is applicable
2023-06-25 07:47:15,707 [INFO] Rule:228 - rule Rename DIE462/DIE415 pin PH0/OSC_IN -> PH0-OSC_IN (PH0) is applicable
2023-06-25 07:47:15,707 [INFO] Rule:228 - rule Rename DIE462/DIE415 pin PH1/OSC_OUT -> PH1-OSC_OUT (PH1) is applicable
2023-06-25 07:47:15,707 [INFO] Rule:228 - rule Rename DIE462 pin PA13 -> PA13 (JTMS/SWDIO) is applicable
2023-06-25 07:47:15,707 [INFO] Rule:228 - rule Rename DIE415 pin PA13 -> PA13 (JTMS/SWDIO) is applicable
2023-06-25 07:47:15,707 [INFO] Rule:228 - rule Rename DIE462 pin PA14 -> PA14 (JTCK/SWCLK) is applicable
2023-06-25 07:47:15,707 [INFO] Rule:228 - rule Rename DIE415 pin PA14 -> PA14 (JTCK/SWCLK) is applicable
2023-06-25 07:47:15,707 [INFO] Rule:228 - rule Rename DIE462/DIE415 pin PA15 -> PA15 (JTDI) is applicable
2023-06-25 07:47:15,707 [INFO] Rule:228 - rule Rename DIE462 pin PB3 -> PB3 (JTD0/TRACESWO) is applicable
2023-06-25 07:47:15,707 [INFO] Rule:228 - rule Rename DIE415 pin PB3 -> PB3 (JTD0-TRACESWO) is applicable
2023-06-25 07:47:15,707 [INFO] Rule:228 - rule Rename DIE462/DIE415 pin PB4 -> PB4 (NJTRST) is applicable
2023-06-25 07:47:15,707 [INFO] Rule:228 - rule Rename DIE462 pin PH3/BOOT0 -> PH3-BOOT0 (BOOT0) is applicable
2023-06-25 07:47:15,707 [INFO] Rule:228 - rule Rename CRYP DataEncryptionTypesList to Algorithm is applicable
2023-06-25 07:47:15,707 [INFO] Rule:228 - rule Rename AES DataEncryptionTypesList to Algorithm is applicable
2023-06-25 07:47:15,707 [INFO] Rule:228 - rule Rename TDESECB to CRYP_TDES_ECB is applicable
2023-06-25 07:47:15,707 [INFO] Rule:228 - rule Rename TDESCBC to CRYP_TDES_CBC is applicable
2023-06-25 07:47:15,708 [INFO] Rule:228 - rule Rename DESECB to CRYP_DES_ECB is applicable
2023-06-25 07:47:15,708 [INFO] Rule:228 - rule Rename DESCBC to CRYP_DES_CBC is applicable
2023-06-25 07:47:15,708 [INFO] Rule:228 - rule Rename AESECB to CRYP_AES_ECB is applicable
2023-06-25 07:47:15,708 [INFO] Rule:228 - rule Rename AESCBC to CRYP_AES_CBC is applicable
2023-06-25 07:47:15,708 [INFO] Rule:228 - rule Rename AESCTR to CRYP_AES_CTR is applicable
2023-06-25 07:47:15,708 [INFO] Rule:228 - rule Rename AESGCM to CRYP_AES_GCM is applicable
2023-06-25 07:47:15,708 [INFO] Rule:228 - rule Rename AESCCM to CRYP_AES_CCM is applicable
2023-06-25 07:47:15,708 [INFO] Rule:228 - rule Rename CAN TimeSeg1 to BS1 is applicable
2023-06-25 07:47:15,708 [INFO] Rule:228 - rule Rename CAN TimeSeg2 to BS2 is applicable
2023-06-25 07:47:15,708 [INFO] Rule:228 - rule Rename CAN SyncJumpWidth to SJW is applicable
2023-06-25 07:47:15,708 [INFO] Rule:228 - rule TimeTriggeredMode to TTCM is applicable
2023-06-25 07:47:15,708 [INFO] Rule:228 - rule Rename CAN AutoBusOff to ABOM is applicable
2023-06-25 07:47:15,708 [INFO] Rule:228 - rule Rename CAN AutoWakeUp to AWUM is applicable
2023-06-25 07:47:15,708 [INFO] Rule:228 - rule Rename CAN AutoRetransmission to NART is applicable
2023-06-25 07:47:15,708 [INFO] Rule:228 - rule Rename CAN ReceiveFifoLocked to RFLM is applicable
2023-06-25 07:47:15,708 [INFO] Rule:228 - rule Rename CAN TransmitFifoPriority to TXFP is applicable
2023-06-25 07:47:15,708 [INFO] Rule:228 - rule Rename HRTIMER HRTIM_OUTPUTFAULTLEVEL_HIGH in HRTIMER HRTIM_OUTPUTFAULTLEVEL_HIGHZ is applicable
2023-06-25 07:47:15,708 [INFO] Rule:228 - rule Rename TIMER TIM_CLEARINPUTSOURCE_OCREFCLR in  TIMER TIM_CLEARINPUTSOURCE_NONE for F7 family is applicable
2023-06-25 07:47:15,708 [INFO] Rule:228 - rule FDCAN_R1 - Rename FDCAN mode Master into Classic is applicable
2023-06-25 07:47:15,708 [INFO] Rule:228 - rule FDCAN_R2 - Rename FDCAN mode Slave into Classic is applicable
2023-06-25 07:47:15,708 [INFO] Rule:228 - rule FDCAN1_R3 - if PA10.Mode=FullDuplex, add Pin PA12 is applicable
2023-06-25 07:47:15,708 [INFO] Rule:228 - rule FDCAN1_R3 - if PA9.Mode=FullDuplex, add Pin PA11 is applicable
2023-06-25 07:47:15,708 [INFO] Rule:228 - rule FDCAN1_R3 - Alternatepin_1 - if PE1.Mode=FullDuplex, add Pin PB9 is applicable
2023-06-25 07:47:15,708 [INFO] Rule:228 - rule FDCAN1_R3 - Alternatepin_1 - if PE0.Mode=FullDuplex, add Pin PB8 is applicable
2023-06-25 07:47:15,708 [INFO] Rule:228 - rule FDCAN1_R3 - Alternatepin_2 - if PD5.Mode=FullDuplex, add Pin PD1 is applicable
2023-06-25 07:47:15,708 [INFO] Rule:228 - rule FDCAN1_R3 - Alternatepin_2 - if PD4.Mode=FullDuplex, add Pin PD0 is applicable
2023-06-25 07:47:15,708 [INFO] Rule:228 - rule FDCAN1_R4 - Rename Mode FullDuplex into Enable FDCAN_TXFD for pin PA10 is applicable
2023-06-25 07:47:15,708 [INFO] Rule:228 - rule FDCAN1_R4 - Rename Mode FullDuplex into Enable FDCAN_TXFD for pin PA9 is applicable
2023-06-25 07:47:15,708 [INFO] Rule:228 - rule FDCAN1_R4 - Alternatepin_1 - Rename Mode FullDuplex into Enable FDCAN_TXFD for pin PE1 is applicable
2023-06-25 07:47:15,709 [INFO] Rule:228 - rule FDCAN1_R4 - Alternatepin_1 - Rename Mode FullDuplex into Enable FDCAN_TXFD for pin PE0 is applicable
2023-06-25 07:47:15,709 [INFO] Rule:228 - rule FDCAN1_R4 - Alternatepin_2 - Rename Mode FullDuplex into Enable FDCAN_TXFD for pin PD5 is applicable
2023-06-25 07:47:15,709 [INFO] Rule:228 - rule FDCAN1_R4 - Alternatepin_2 - Rename Mode FullDuplex into Enable FDCAN_TXFD for pin PD4 is applicable
2023-06-25 07:47:15,709 [INFO] Rule:228 - rule FDCAN2_R3 - if PD10.Mode=FullDuplex, add Pin PB13 is applicable
2023-06-25 07:47:15,709 [INFO] Rule:228 - rule FDCAN2_R3 - if PD9.Mode=FullDuplex, add Pin PB12 is applicable
2023-06-25 07:47:15,709 [INFO] Rule:228 - rule FDCAN2_R3 - Alternatepin_1 - if PB7.Mode=FullDuplex, add Pin PB6 is applicable
2023-06-25 07:47:15,709 [INFO] Rule:228 - rule FDCAN2_R3 - Alternatepin_1 - if PD9.Mode=FullDuplex, add Pin PB12 is applicable
2023-06-25 07:47:15,709 [INFO] Rule:228 - rule FDCAN2_R4 - Rename Mode FullDuplex into Enable FDCAN_TXFD for pin PD10 is applicable
2023-06-25 07:47:15,709 [INFO] Rule:228 - rule FDCAN2_R4 - Rename Mode FullDuplex into Enable FDCAN_TXFD for pin PD9 is applicable
2023-06-25 07:47:15,709 [INFO] Rule:228 - rule FDCAN2_R4 - Alternatepin_1 - Rename Mode FullDuplex into Enable FDCAN_TXFD for pin PB7 is applicable
2023-06-25 07:47:15,709 [INFO] Rule:228 - rule FDCAN2_R4 - Alternatepin_1 - Rename Mode FullDuplex into Enable FDCAN_TXFD for pin PD6 is applicable
2023-06-25 07:47:15,709 [INFO] Rule:228 - rule USART TxPinLevelInvertParam Mode is applicable
2023-06-25 07:47:15,709 [INFO] Rule:228 - rule USART RxPinLevelInvertParam Mode is applicable
2023-06-25 07:47:15,709 [INFO] Rule:228 - rule USART DataInvertParam Mode is applicable
2023-06-25 07:47:15,709 [INFO] Rule:228 - rule USART SwapParam Mode is applicable
2023-06-25 07:47:15,709 [INFO] Rule:228 - rule USART OverrunDisableParam Mode is applicable
2023-06-25 07:47:15,709 [INFO] Rule:228 - rule USART DMADisableonRxErrorParam Mode is applicable
2023-06-25 07:47:15,709 [INFO] Rule:228 - rule USART MSBFirstParam Mode is applicable
2023-06-25 07:47:15,709 [INFO] Rule:228 - rule Update MwName for USB_DEVICE is applicable
2023-06-25 07:47:15,709 [INFO] Rule:228 - rule Change PWR_Regulator_Voltage_Scale Default Value for RCC  H7 family is applicable
2023-06-25 07:47:15,709 [INFO] Rule:228 - rule UART/USART IPParameter rename Prescaler parameter to ClockPrescaler is applicable
2023-06-25 07:47:15,709 [INFO] Rule:228 - rule UART/USART Prescaler rename Prescaler parameter to ClockPrescaler is applicable
2023-06-25 07:47:15,709 [INFO] Rule:228 - rule TIM1CLockSelection is applicable
2023-06-25 07:47:15,709 [INFO] Rule:228 - rule TIM15CLockSelection is applicable
2023-06-25 07:47:15,709 [INFO] Rule:228 - rule align RCC SDMMC3CLockSelection default value on MP1 is applicable
2023-06-25 07:47:15,709 [INFO] Rule:228 - rule align RCC SDMMC12CLockSelection default value on MP1 is applicable
2023-06-25 07:47:15,709 [INFO] Rule:228 - rule align RCC QSPICLockSelection default value on MP1 is applicable
2023-06-25 07:47:15,709 [INFO] Rule:228 - rule align RCC QSPICLockSelection default value on MP1 is applicable
2023-06-25 07:47:15,709 [INFO] Rule:228 - rule align RCC SPI6CLockSelection default value on MP1 is applicable
2023-06-25 07:47:15,709 [INFO] Rule:228 - rule align RCC LPTIM23CLockSelection default value on MP1 is applicable
2023-06-25 07:47:15,709 [INFO] Rule:228 - rule align RCC LPTIM1CLockSelection default value on MP1 is applicable
2023-06-25 07:47:15,709 [INFO] Rule:228 - rule align RCC USART1CLockSelection default value on MP1 is applicable
2023-06-25 07:47:15,709 [INFO] Rule:228 - rule align RCC USART24CLockSelection default value on MP1 is applicable
2023-06-25 07:47:15,710 [INFO] Rule:228 - rule align RCC USART6CLockSelection default value on MP1 is applicable
2023-06-25 07:47:15,710 [INFO] Rule:228 - rule align RCC UART78CLockSelection default value on MP1 is applicable
2023-06-25 07:47:15,710 [INFO] Rule:228 - rule align RCC USART35CLockSelection default value on MP1 is applicable
2023-06-25 07:47:15,710 [INFO] Rule:228 - rule align RCC SPI45CLockSelection default value on MP1 is applicable
2023-06-25 07:47:15,710 [INFO] Rule:228 - rule align RCC I2C46CLockSelection BCLK value on MP1 is applicable
2023-06-25 07:47:15,710 [INFO] Rule:228 - rule align RCC SPI45CLockSelection default value on MP1 is applicable
2023-06-25 07:47:15,710 [INFO] Rule:228 - rule align RCC I2C12CLockSelection default value on MP1 is applicable
2023-06-25 07:47:15,710 [INFO] Rule:228 - rule align RCC I2C35CLockSelection default value on MP1 is applicable
2023-06-25 07:47:15,710 [INFO] Rule:228 - rule align RCC LPTIM45CLockSelection default value on MP1 is applicable
2023-06-25 07:47:15,710 [INFO] Rule:228 - rule Rename DCMI PIXCK signal is applicable
2023-06-25 07:47:15,710 [INFO] Rule:228 - rule Change Default Value for I2C46CLockSelection MP1 family is applicable
2023-06-25 07:47:15,710 [INFO] Rule:228 - rule Change Default Value for UART for G4, G0 and WB families is applicable
2023-06-25 07:47:15,710 [INFO] Rule:228 - rule Change Default Value for USART for G4, G0 and WB families is applicable
2023-06-25 07:47:15,710 [INFO] Rule:228 - rule Change Default Value for USART for G4 family is applicable
2023-06-25 07:47:15,710 [INFO] Rule:228 - rule Change USART1CLockSelection refparam name for MP1 is applicable
2023-06-25 07:47:15,710 [INFO] Rule:228 - rule Change USART2CLockSelection refparam name for MP1 is applicable
2023-06-25 07:47:15,710 [INFO] Rule:228 - rule Change USART3CLockSelection refparam name for MP1 is applicable
2023-06-25 07:47:15,710 [INFO] Rule:228 - rule Change UART4CLockSelection refparam name for MP1 is applicable
2023-06-25 07:47:15,710 [INFO] Rule:228 - rule Change UART5CLockSelection refparam name for MP1 is applicable
2023-06-25 07:47:15,710 [INFO] Rule:228 - rule Change LPUART1CLockSelection refparam name for MP1 is applicable
2023-06-25 07:47:15,710 [INFO] Rule:228 - rule Change LPTIM1CLockSelection refparam name for MP1 is applicable
2023-06-25 07:47:15,710 [INFO] Rule:228 - rule Change LPTIM2CLockSelection refparam name for MP1 is applicable
2023-06-25 07:47:15,710 [INFO] Rule:228 - rule Change RCC_MCO1Source refparam name for MP1 is applicable
2023-06-25 07:47:15,710 [INFO] Rule:228 - rule Change LSCOSource1 refparam name for MP1 is applicable
2023-06-25 07:47:15,710 [INFO] Rule:228 - rule Change SMPSCLockSelection refparam name for MP1 is applicable
2023-06-25 07:47:15,710 [INFO] Rule:228 - rule Change LPTIM3CLockSelection refparam name for MP1 is applicable
2023-06-25 07:47:15,710 [INFO] Rule:228 - rule Change MPCBB* Default Template Mode to Parameters is applicable
2023-06-25 07:47:15,710 [INFO] Rule:228 - rule Change MPCWM* or MPCBB* Secure Mode to Parameters is applicable
2023-06-25 07:47:15,711 [INFO] Rule:228 - rule Change MPCWM* or MPCBB* No Secure Mode to Parameters is applicable
2023-06-25 07:47:15,711 [INFO] Rule:228 - rule Change TZSC IP Secure Mode to Parameters is applicable
2023-06-25 07:47:15,711 [INFO] Rule:228 - rule Change TZSC IP No Secure Mode to Parameters is applicable
2023-06-25 07:47:15,711 [INFO] Rule:228 - rule Change TZSC IP Privilege Mode to Parameters is applicable
2023-06-25 07:47:15,711 [INFO] Rule:228 - rule Change TZSC IP No Privilege Mode to Parameters is applicable
2023-06-25 07:47:15,711 [INFO] Rule:228 - rule Change TZIC IT Secure Mode to Parameters is applicable
2023-06-25 07:47:15,711 [INFO] Rule:228 - rule Change TZIC IT No Secure Mode to Parameters is applicable
2023-06-25 07:47:15,711 [INFO] Rule:228 - rule Add MPCBB1_NonSecureArea_Start_Address value with referenced to MPCBB1_NonSecureArea_Start value is applicable
2023-06-25 07:47:15,711 [INFO] Rule:228 - rule Add MPCBB2_NonSecureArea_Start_Address value with referenced to MPCBB2_NonSecureArea_Start value is applicable
2023-06-25 07:47:15,711 [INFO] Rule:228 - rule Add MPCWM1_NonSecureArea*_Start_Address value with referenced to MPCWM1_NonSecureArea*_Start value is applicable
2023-06-25 07:47:15,711 [INFO] Rule:228 - rule Add MPCWM2_NonSecureArea*_Start_Address value with referenced to MPCWM2_NonSecureArea*_Start value is applicable
2023-06-25 07:47:15,711 [INFO] Rule:228 - rule Add MPCWM3_NonSecureArea_Start_Address value with referenced to MPCWM3_NonSecureArea_Start value is applicable
2023-06-25 07:47:15,711 [INFO] Rule:228 - rule Change Default Value for PLL1UserDefinedConfig is applicable
2023-06-25 07:47:15,711 [INFO] Rule:228 - rule Change GPIO_PuPd Default Value for USART in async mode is applicable
2023-06-25 07:47:15,711 [INFO] Rule:228 - rule Change SMPSDivider Default Value is applicable
2023-06-25 07:47:15,711 [INFO] Rule:228 - rule OPAMP is applicable
2023-06-25 07:47:15,711 [INFO] Rule:228 - rule LPUART IPParameter rename Prescaler parameter to ClockPrescaler for STM32H7 is applicable
2023-06-25 07:47:15,711 [INFO] Rule:228 - rule LPUART IPParameter rename Prescaler parameter to ClockPrescaler for STM32H7 is applicable
2023-06-25 07:47:15,711 [INFO] Rule:228 - rule LPUART IPParameter rename Prescaler parameter to ClockPrescaler for STM32WB is applicable
2023-06-25 07:47:15,711 [INFO] Rule:228 - rule LPUART IPParameter rename Prescaler parameter to ClockPrescaler for STM32WB is applicable
2023-06-25 07:47:15,711 [INFO] Rule:228 - rule LPUART IPParameter rename Prescaler parameter to ClockPrescaler for STM32G4 is applicable
2023-06-25 07:47:15,712 [INFO] Rule:228 - rule LPUART IPParameter rename Prescaler parameter to ClockPrescaler for STM32G4 is applicable
2023-06-25 07:47:15,712 [INFO] Rule:228 - rule LPUART IPParameter rename Prescaler parameter to ClockPrescaler for STM32L5 is applicable
2023-06-25 07:47:15,712 [INFO] Rule:228 - rule LPUART IPParameter rename Prescaler parameter to ClockPrescaler for STM32L5 is applicable
2023-06-25 07:47:15,712 [INFO] Rule:228 - rule LPUART IPParameter rename Prescaler parameter to ClockPrescaler for STM32G4 is applicable
2023-06-25 07:47:15,712 [INFO] Rule:228 - rule LPUART IPParameter rename Prescaler parameter to ClockPrescaler for STM32G4 is applicable
2023-06-25 07:47:15,712 [INFO] Rule:228 - rule USB device lib V2.5.3 for L0 rename USBD_SUPPORT_USER_STRING parameter to USBD_SUPPORT_USER_STRING_DESC4 is applicable
2023-06-25 07:47:15,712 [INFO] Rule:228 - rule I2SCLockSelection clock entry align is applicable
2023-06-25 07:47:15,712 [INFO] Rule:228 - rule Assign TIMx context if used as SYS timebase is applicable
2023-06-25 07:47:15,712 [INFO] Rule:228 - rule Change GPIO_Pu Default Value for I2C is applicable
2023-06-25 07:47:15,712 [INFO] Rule:228 - rule Change GPIO_Pu Default Value for SMBus is applicable
2023-06-25 07:47:15,712 [INFO] Rule:228 - rule change FDCAN default value is applicable
2023-06-25 07:47:15,712 [INFO] Rule:228 - rule Change mode sai is applicable
2023-06-25 07:47:15,712 [INFO] Rule:228 - rule **Change sai mode is applicable
2023-06-25 07:47:15,763 [INFO] DbConfProperties:307 - Apply Compatibility (50/258 Rules)
2023-06-25 07:47:15,781 [INFO] ImportTextPane:194 - (OptionalMessage_ERROR) Unable to find key (Mcu.ThirdPartyNb) in loaded IOC file
2023-06-25 07:47:16,057 [INFO] RtosManager:555 - Registered RTOS mode: class=CMSIS, group=RTOS, mode=CMSIS_V1, owner=FREERTOS
2023-06-25 07:47:16,057 [INFO] RtosManager:555 - Registered RTOS mode: class=CMSIS, group=RTOS2, mode=CMSIS_V2, owner=FREERTOS
2023-06-25 07:47:16,057 [INFO] RtosManager:555 - Registered RTOS mode: class=RTOS, group=Core, mode=CMSIS_V1, owner=FREERTOS
2023-06-25 07:47:16,057 [INFO] RtosManager:555 - Registered RTOS mode: class=RTOS, group=Core, mode=CMSIS_V2, owner=FREERTOS
2023-06-25 07:47:16,058 [WARN] ModelIntegratedComponent:184 - Missing modes for component STMicroelectronics:FreeRTOS:0.0.1:STMicroelectronics:RTOS:FreeRTOS:Core:::10.2.0:
2023-06-25 07:47:16,076 [WARN] ModelIntegratedComponent:63 - No mode defined for component null
2023-06-25 07:47:16,076 [WARN] ModelIntegratedComponent:63 - No mode defined for component null
2023-06-25 07:47:16,076 [WARN] ModelIntegratedComponent:63 - No mode defined for component null
2023-06-25 07:47:16,077 [WARN] ModelIntegratedComponent:63 - No mode defined for component null
2023-06-25 07:47:16,077 [WARN] ModelIntegratedComponent:63 - No mode defined for component null
2023-06-25 07:47:16,077 [WARN] ModelIntegratedComponent:63 - No mode defined for component null
2023-06-25 07:47:16,077 [WARN] ModelIntegratedComponent:63 - No mode defined for component null
2023-06-25 07:47:16,077 [WARN] ModelIntegratedComponent:63 - No mode defined for component null
2023-06-25 07:47:16,077 [WARN] ModelIntegratedComponent:63 - No mode defined for component null
2023-06-25 07:47:16,077 [WARN] ModelIntegratedComponent:63 - No mode defined for component null
2023-06-25 07:47:16,077 [WARN] ModelIntegratedComponent:63 - No mode defined for component null
2023-06-25 07:47:16,077 [WARN] ModelIntegratedComponent:63 - No mode defined for component null
2023-06-25 07:47:16,077 [WARN] ModelIntegratedComponent:63 - No mode defined for component null
2023-06-25 07:47:16,077 [WARN] ModelIntegratedComponent:63 - No mode defined for component null
2023-06-25 07:47:16,077 [WARN] ModelIntegratedComponent:63 - No mode defined for component null
2023-06-25 07:47:16,077 [WARN] ModelIntegratedComponent:63 - No mode defined for component null
2023-06-25 07:47:16,077 [WARN] ModelIntegratedComponent:63 - No mode defined for component null
2023-06-25 07:47:16,077 [WARN] ModelIntegratedComponent:63 - No mode defined for component null
2023-06-25 07:47:16,077 [WARN] ModelIntegratedComponent:63 - No mode defined for component null
2023-06-25 07:47:16,077 [WARN] ModelIntegratedComponent:63 - No mode defined for component null
2023-06-25 07:47:16,077 [WARN] ModelIntegratedComponent:63 - No mode defined for component null
2023-06-25 07:47:16,077 [WARN] ModelIntegratedComponent:63 - No mode defined for component null
2023-06-25 07:47:16,078 [WARN] ModelIntegratedComponent:63 - No mode defined for component null
2023-06-25 07:47:16,078 [WARN] ModelIntegratedComponent:63 - No mode defined for component null
2023-06-25 07:47:16,078 [WARN] ModelIntegratedComponent:63 - No mode defined for component null
2023-06-25 07:47:16,078 [WARN] ModelIntegratedComponent:63 - No mode defined for component null
2023-06-25 07:47:16,078 [WARN] ModelIntegratedComponent:63 - No mode defined for component null
2023-06-25 07:47:16,078 [WARN] ModelIntegratedComponent:63 - No mode defined for component null
2023-06-25 07:47:16,078 [WARN] ModelIntegratedComponent:63 - No mode defined for component null
2023-06-25 07:47:16,078 [WARN] ModelIntegratedComponent:63 - No mode defined for component null
2023-06-25 07:47:16,078 [WARN] ModelIntegratedComponent:63 - No mode defined for component null
2023-06-25 07:47:16,078 [WARN] ModelIntegratedComponent:63 - No mode defined for component null
2023-06-25 07:47:16,078 [WARN] ModelIntegratedComponent:63 - No mode defined for component null
2023-06-25 07:47:16,096 [INFO] ThirdPartyModel:298 - Start build external matchings
2023-06-25 07:47:16,716 [INFO] ThirdPartyModel:316 - End build external matchings
2023-06-25 07:47:16,725 [INFO] ImportTextPane:194 - (OptionalMessage_ERROR) IP (RCC) : Parameter (RTCHSEDivFreq_Value) has invalid value (4000000)
2023-06-25 07:47:17,017 [INFO] UtilMem:75 - End LoadConfig() Used Memory: 659924584 Bytes (1065353216)
2023-06-25 07:47:17,039 [WARN] ThirdParty:833 - waiting for thirdparty lock release [change project]
2023-06-25 07:47:17,039 [INFO] ThirdParty:835 - entering critical section [change project]
2023-06-25 07:47:17,039 [INFO] ThirdParty:1030 - CMSIS Pack Vendor :STMicroelectronics X-CUBE-ISPU 1.1.0
2023-06-25 07:47:17,039 [INFO] ThirdParty:1030 - CMSIS Pack Vendor :STMicroelectronics X-CUBE-GNSS1 6.0.0
2023-06-25 07:47:17,039 [INFO] ThirdParty:1030 - CMSIS Pack Vendor :STMicroelectronics USB_HOST 2.0.0
2023-06-25 07:47:17,040 [INFO] ThirdParty:1030 - CMSIS Pack Vendor :STMicroelectronics X-CUBE-AZRTOS-F4 1.1.0
2023-06-25 07:47:17,040 [INFO] ThirdParty:1030 - CMSIS Pack Vendor :STMicroelectronics LIBJPEG 8.0.0
2023-06-25 07:47:17,040 [INFO] ThirdParty:1030 - CMSIS Pack Vendor :STMicroelectronics X-CUBE-SMBUS 2.1.0
2023-06-25 07:47:17,040 [INFO] ThirdParty:1030 - CMSIS Pack Vendor :wolfSSL I-CUBE-wolfSSL 5.6.0
2023-06-25 07:47:17,040 [INFO] ThirdParty:1030 - CMSIS Pack Vendor :STMicroelectronics USB_DEVICE 3.0.0
2023-06-25 07:47:17,040 [INFO] ThirdParty:1030 - CMSIS Pack Vendor :STMicroelectronics X-CUBE-FREERTOS 1.0.1
2023-06-25 07:47:17,040 [INFO] ThirdParty:1030 - CMSIS Pack Vendor :STMicroelectronics X-CUBE-AZRTOS-F7 1.1.0
2023-06-25 07:47:17,040 [INFO] ThirdParty:1030 - CMSIS Pack Vendor :STMicroelectronics X-CUBE-TOUCHGFX 4.21.4
2023-06-25 07:47:17,040 [INFO] ThirdParty:1030 - CMSIS Pack Vendor :STMicroelectronics USB_DEVICE 2.0.0
2023-06-25 07:47:17,040 [INFO] ThirdParty:1030 - CMSIS Pack Vendor :STMicroelectronics X-CUBE-MEMS1 9.6.0
2023-06-25 07:47:17,040 [INFO] ThirdParty:1030 - CMSIS Pack Vendor :STMicroelectronics FP-SNS-MOTENV1 4.3.1
2023-06-25 07:47:17,040 [INFO] ThirdParty:1030 - CMSIS Pack Vendor :STMicroelectronics FP-SNS-FLIGHT1 5.0.1
2023-06-25 07:47:17,040 [INFO] ThirdParty:1030 - CMSIS Pack Vendor :STMicroelectronics X-CUBE-ALGOBUILD 1.3.0
2023-06-25 07:47:17,040 [INFO] ThirdParty:1030 - CMSIS Pack Vendor :STMicroelectronics X-CUBE-BLE1 6.2.4
2023-06-25 07:47:17,040 [INFO] ThirdParty:1030 - CMSIS Pack Vendor :STMicroelectronics X-CUBE-AZRTOS-L5 1.1.0
2023-06-25 07:47:17,041 [INFO] ThirdParty:1030 - CMSIS Pack Vendor :STMicroelectronics FreeRTOS 0.0.1
2023-06-25 07:47:17,041 [INFO] ThirdParty:1030 - CMSIS Pack Vendor :STMicroelectronics X-CUBE-AZRTOS-G0 1.1.0
2023-06-25 07:47:17,041 [INFO] ThirdParty:1030 - CMSIS Pack Vendor :emotas I-CUBE-CANOPEN 1.1.3
2023-06-25 07:47:17,041 [INFO] ThirdParty:1030 - CMSIS Pack Vendor :STMicroelectronics X-CUBE-BLEMGR 2.0.0
2023-06-25 07:47:17,041 [INFO] ThirdParty:1030 - CMSIS Pack Vendor :STMicroelectronics X-CUBE-AI 8.0.1
2023-06-25 07:47:17,041 [INFO] ThirdParty:1030 - CMSIS Pack Vendor :STMicroelectronics X-CUBE-NFC4 3.0.0
2023-06-25 07:47:17,041 [INFO] ThirdParty:1030 - CMSIS Pack Vendor :STMicroelectronics X-CUBE-SUBG2 5.0.0
2023-06-25 07:47:17,041 [INFO] ThirdParty:1030 - CMSIS Pack Vendor :STMicroelectronics STM32_WPAN 1.0.0
2023-06-25 07:47:17,041 [INFO] ThirdParty:1030 - CMSIS Pack Vendor :STMicroelectronics lwIP 2.0.3
2023-06-25 07:47:17,041 [INFO] ThirdParty:1030 - CMSIS Pack Vendor :STMicroelectronics USB_HOST 1.0.0
2023-06-25 07:47:17,041 [INFO] ThirdParty:1030 - CMSIS Pack Vendor :STMicroelectronics X-CUBE-AZRTOS-G4 2.0.0
2023-06-25 07:47:17,041 [INFO] ThirdParty:1030 - CMSIS Pack Vendor :STMicroelectronics PDM2PCM 3.1.0
2023-06-25 07:47:17,041 [INFO] ThirdParty:1030 - CMSIS Pack Vendor :STMicroelectronics X-CUBE-AZRTOS-H7 3.1.0
2023-06-25 07:47:17,041 [INFO] ThirdParty:1030 - CMSIS Pack Vendor :STMicroelectronics X-CUBE-TOF1 3.3.0
2023-06-25 07:47:17,041 [INFO] ThirdParty:1030 - CMSIS Pack Vendor :STMicroelectronics PDM2PCM 3.3.0
2023-06-25 07:47:17,041 [INFO] ThirdParty:1030 - CMSIS Pack Vendor :STMicroelectronics X-CUBE-DISPLAY 3.0.0
2023-06-25 07:47:17,041 [INFO] ThirdParty:1030 - CMSIS Pack Vendor :STMicroelectronics FP-ATR-SIGFOX1 3.2.0
2023-06-25 07:47:17,041 [INFO] ThirdParty:1030 - CMSIS Pack Vendor :STMicroelectronics HAL Drivers 0.0.0
2023-06-25 07:47:17,042 [INFO] ThirdParty:1030 - CMSIS Pack Vendor :STMicroelectronics MBEDTLS 2.16.2
2023-06-25 07:47:17,042 [INFO] ThirdParty:1030 - CMSIS Pack Vendor :STMicroelectronics X-CUBE-NFC7 1.0.1
2023-06-25 07:47:17,042 [INFO] ThirdParty:1030 - CMSIS Pack Vendor :STMicroelectronics MBEDTLS 2.14.1
2023-06-25 07:47:17,042 [INFO] ThirdParty:1030 - CMSIS Pack Vendor :STMicroelectronics X-CUBE-NFC7 1.0.0
2023-06-25 07:47:17,042 [INFO] ThirdParty:1030 - CMSIS Pack Vendor :STMicroelectronics X-CUBE-EEPRMA1 4.1.0
2023-06-25 07:47:17,042 [INFO] ThirdParty:1030 - CMSIS Pack Vendor :portGmbH I-Cube-SoM-uGOAL 1.1.0
2023-06-25 07:47:17,042 [INFO] ThirdParty:1030 - CMSIS Pack Vendor :STMicroelectronics X-CUBE-ALS 1.0.1
2023-06-25 07:47:17,042 [INFO] ThirdParty:1030 - CMSIS Pack Vendor :STMicroelectronics ThreadX 1.0.0
2023-06-25 07:47:17,042 [INFO] ThirdParty:1030 - CMSIS Pack Vendor :STMicroelectronics X-CUBE-AZRTOS-WB 1.1.0
2023-06-25 07:47:17,042 [INFO] ThirdParty:1030 - CMSIS Pack Vendor :STMicroelectronics X-CUBE-AZRTOS-WL 2.0.0
2023-06-25 07:47:17,042 [INFO] ThirdParty:1030 - CMSIS Pack Vendor :SEGGER I-CUBE-embOS 1.3.1
2023-06-25 07:47:17,042 [INFO] ThirdParty:1030 - CMSIS Pack Vendor :STMicroelectronics USB_DEVICE 1.0.0
2023-06-25 07:47:17,042 [INFO] ThirdParty:1030 - CMSIS Pack Vendor :STMicroelectronics X-CUBE-AZRTOS-L4 2.0.0
2023-06-25 07:47:17,042 [INFO] ThirdParty:1030 - CMSIS Pack Vendor :STMicroelectronics ThreadX 0.0.2
2023-06-25 07:47:17,042 [INFO] ThirdParty:1030 - CMSIS Pack Vendor :WES I-CUBE-Cesium 1.3.0
2023-06-25 07:47:17,043 [INFO] ThirdParty:1030 - CMSIS Pack Vendor :STMicroelectronics FP-ATR-ASTRA1 2.0.0
2023-06-25 07:47:17,043 [INFO] ThirdParty:1030 - CMSIS Pack Vendor :STMicroelectronics lwIP 2.1.2
2023-06-25 07:47:17,043 [INFO] ThirdParty:1030 - CMSIS Pack Vendor :STMicroelectronics X-CUBE-SFXS2LP1 4.0.0
2023-06-25 07:47:17,043 [INFO] ThirdParty:1030 - CMSIS Pack Vendor :STMicroelectronics X-CUBE-BLE2 3.3.0
2023-06-25 07:47:17,043 [INFO] ThirdParty:1030 - CMSIS Pack Vendor :STMicroelectronics PDM2PCM 3.2.0
2023-06-25 07:47:17,043 [INFO] ThirdParty:841 - exiting critical section [change project]
2023-06-25 07:47:17,263 [INFO] PinOutPanel:1499 - setPackage(No Configuration,No Configuration)
2023-06-25 07:47:17,264 [INFO] PinOutPanel:1499 - setPackage(STM32F407VGTx,LQFP100)
2023-06-25 07:47:17,579 [INFO] UtilMem:75 - Before build in PCC Used Memory: 637346352 Bytes (1065353216)
2023-06-25 07:47:17,817 [INFO] UtilMem:75 - After build in PCC Used Memory: 680860208 Bytes (1065353216)
2023-06-25 07:47:17,836 [INFO] ApiDbMcu:507 - Load IP Config File for USB_HOST
2023-06-25 07:47:17,836 [WARN] BspModel:443 - BSP dependency skipped because of component: name='IOExpander', api='Unknown'
2023-06-25 07:47:17,866 [INFO] IPUIPlugin:80 - create IPUIPlugin
2023-06-25 07:47:17,867 [INFO] IPUIPlugin:80 - create IPUIPlugin
2023-06-25 07:47:17,867 [INFO] IPUIPlugin:80 - create IPUIPlugin
2023-06-25 07:47:17,867 [INFO] IPUIPlugin:80 - create IPUIPlugin
2023-06-25 07:47:17,867 [INFO] IPUIPlugin:80 - create IPUIPlugin
2023-06-25 07:47:17,867 [INFO] IPUIPlugin:80 - create IPUIPlugin
2023-06-25 07:47:17,867 [INFO] IPUIPlugin:80 - create IPUIPlugin
2023-06-25 07:47:17,867 [INFO] IPUIPlugin:80 - create IPUIPlugin
2023-06-25 07:47:17,868 [INFO] IPUIPlugin:80 - create IPUIPlugin
2023-06-25 07:47:17,868 [INFO] IPUIPlugin:80 - create IPUIPlugin
2023-06-25 07:47:17,868 [INFO] IPUIPlugin:80 - create IPUIPlugin
2023-06-25 07:47:17,868 [INFO] IPUIPlugin:80 - create IPUIPlugin
2023-06-25 07:47:17,868 [INFO] IPUIPlugin:80 - create IPUIPlugin
2023-06-25 07:47:17,868 [INFO] IPUIPlugin:80 - create IPUIPlugin
2023-06-25 07:47:17,868 [INFO] IPUIPlugin:80 - create IPUIPlugin
2023-06-25 07:47:17,869 [INFO] IPUIPlugin:80 - create IPUIPlugin
2023-06-25 07:47:17,869 [INFO] IPUIPlugin:80 - create IPUIPlugin
2023-06-25 07:47:17,869 [INFO] IPUIPlugin:80 - create IPUIPlugin
2023-06-25 07:47:17,869 [INFO] IPUIPlugin:80 - create IPUIPlugin
2023-06-25 07:47:17,869 [INFO] IPUIPlugin:80 - create IPUIPlugin
2023-06-25 07:47:17,869 [INFO] IPUIPlugin:80 - create IPUIPlugin
2023-06-25 07:47:17,869 [INFO] IPUIPlugin:80 - create IPUIPlugin
2023-06-25 07:47:17,869 [INFO] IPUIPlugin:80 - create IPUIPlugin
2023-06-25 07:47:17,870 [INFO] IPUIPlugin:80 - create IPUIPlugin
2023-06-25 07:47:17,870 [INFO] IPUIPlugin:80 - create IPUIPlugin
2023-06-25 07:47:17,870 [INFO] IPUIPlugin:80 - create IPUIPlugin
2023-06-25 07:47:17,870 [INFO] IPUIPlugin:80 - create IPUIPlugin
2023-06-25 07:47:17,870 [INFO] IPUIPlugin:80 - create IPUIPlugin
2023-06-25 07:47:17,870 [INFO] IPUIPlugin:80 - create IPUIPlugin
2023-06-25 07:47:17,871 [INFO] IPUIPlugin:80 - create IPUIPlugin
2023-06-25 07:47:17,871 [INFO] IPUIPlugin:80 - create IPUIPlugin
2023-06-25 07:47:17,871 [INFO] IPUIPlugin:80 - create IPUIPlugin
2023-06-25 07:47:17,871 [INFO] IPUIPlugin:80 - create IPUIPlugin
2023-06-25 07:47:17,871 [INFO] IPUIPlugin:80 - create IPUIPlugin
2023-06-25 07:47:17,872 [INFO] IPUIPlugin:80 - create IPUIPlugin
2023-06-25 07:47:17,872 [INFO] IPUIPlugin:80 - create IPUIPlugin
2023-06-25 07:47:17,873 [INFO] IPUIPlugin:80 - create IPUIPlugin
2023-06-25 07:47:17,873 [INFO] IPUIPlugin:80 - create IPUIPlugin
2023-06-25 07:47:17,874 [INFO] IPUIPlugin:80 - create IPUIPlugin
2023-06-25 07:47:17,874 [INFO] IPUIPlugin:80 - create IPUIPlugin
2023-06-25 07:47:17,874 [INFO] IPUIPlugin:80 - create IPUIPlugin
2023-06-25 07:47:17,874 [INFO] IPUIPlugin:80 - create IPUIPlugin
2023-06-25 07:47:17,875 [INFO] IPUIPlugin:80 - create IPUIPlugin
2023-06-25 07:47:17,875 [INFO] IPUIPlugin:80 - create IPUIPlugin
2023-06-25 07:47:17,876 [INFO] IPUIPlugin:80 - create IPUIPlugin
2023-06-25 07:47:17,876 [INFO] IPUIPlugin:80 - create IPUIPlugin
2023-06-25 07:47:17,876 [INFO] IPUIPlugin:80 - create IPUIPlugin
2023-06-25 07:47:17,877 [INFO] IPUIPlugin:80 - create IPUIPlugin
2023-06-25 07:47:17,877 [INFO] IPUIPlugin:80 - create IPUIPlugin
2023-06-25 07:47:17,878 [INFO] IPUIPlugin:80 - create IPUIPlugin
2023-06-25 07:47:17,879 [INFO] IPUIPlugin:80 - create IPUIPlugin
2023-06-25 07:47:17,879 [INFO] IPUIPlugin:80 - create IPUIPlugin
2023-06-25 07:47:17,880 [INFO] IPUIPlugin:80 - create IPUIPlugin
2023-06-25 07:47:17,881 [INFO] IPUIPlugin:80 - create IPUIPlugin
2023-06-25 07:47:17,881 [INFO] IPUIPlugin:80 - create IPUIPlugin
2023-06-25 07:47:17,883 [INFO] IPUIPlugin:80 - create IPUIPlugin
2023-06-25 07:47:17,883 [INFO] IPUIPlugin:80 - create IPUIPlugin
2023-06-25 07:47:17,884 [INFO] IPUIPlugin:80 - create IPUIPlugin
2023-06-25 07:47:17,887 [INFO] ApiDbMcu:507 - Load IP Config File for PDM2PCM
2023-06-25 07:47:17,888 [WARN] IP:2113 - I2C_Coeff_DF not found: check if there is a RefParameter without a condition.
2023-06-25 07:47:17,888 [WARN] IP:2113 - Analog_Filter not found: check if there is a RefParameter without a condition.
2023-06-25 07:47:17,891 [INFO] I2sManager:658 - 9.6E7
2023-06-25 07:47:17,891 [INFO] I2sManager:195 - I2S Clock Value : 9.6E7
2023-06-25 07:47:17,891 [INFO] I2sManager:553 - AudioClock : 93750Divider : 2Odd : 0
2023-06-25 07:47:17,970 [INFO] CADModel:165 - CPN selected for project levelSTM32F407VGT6
2023-06-25 07:47:17,970 [INFO] CADModel:114 - Register for checkConnection events
2023-06-25 07:47:18,022 [INFO] OpenFileManager:328 - Restore cursor
2023-06-25 07:47:18,093 [WARN] IP:2113 - I2C_Coeff_DF not found: check if there is a RefParameter without a condition.
2023-06-25 07:47:18,093 [WARN] IP:2113 - Analog_Filter not found: check if there is a RefParameter without a condition.
2023-06-25 07:47:18,094 [WARN] IP:2113 - I2C_Coeff_DF not found: check if there is a RefParameter without a condition.
2023-06-25 07:47:18,094 [WARN] IP:2113 - Analog_Filter not found: check if there is a RefParameter without a condition.
2023-06-25 07:47:18,377 [INFO] UtilMem:75 - End SaveConfig() Used Memory: 805975648 Bytes (1065353216)
2023-06-25 07:47:18,521 [INFO] UtilMem:75 - End SaveConfig() Used Memory: 826231672 Bytes (1065353216)
2023-06-25 07:47:18,895 [INFO] BlockDiagram:2759 - set Specific Code input for plugin: SPI
2023-06-25 07:47:18,895 [INFO] BlockDiagram:2759 - set Specific Code input for plugin: I2S
2023-06-25 07:47:18,895 [INFO] BlockDiagram:2759 - set Specific Code input for plugin: SYS
2023-06-25 07:47:18,895 [INFO] BlockDiagram:2759 - set Specific Code input for plugin: RCC
2023-06-25 07:47:18,895 [INFO] BlockDiagram:2759 - set Specific Code input for plugin: I2C
2023-06-25 07:47:18,895 [INFO] BlockDiagram:2759 - set Specific Code input for plugin: USB_OTG_FS
2023-06-25 07:47:18,895 [INFO] BlockDiagram:2759 - set Specific Code input for plugin: NVIC
2023-06-25 07:47:18,895 [INFO] BlockDiagram:2759 - set Specific Code input for plugin: USB_HOST
2023-06-25 07:47:18,896 [INFO] BlockDiagram:2759 - set Specific Code input for plugin: GPIO
2023-06-25 07:47:18,897 [INFO] CodeGenerator:793 - code generatio: config db path: C:\ST\STM32CubeIDE_1.12.0\STM32CubeIDE\plugins\com.st.stm32cube.common.mx_6.8.0.202302231600\\db\
2023-06-25 07:47:18,903 [WARN] IP:2113 - I2C_Coeff_DF not found: check if there is a RefParameter without a condition.
2023-06-25 07:47:18,903 [WARN] IP:2113 - Analog_Filter not found: check if there is a RefParameter without a condition.
2023-06-25 07:47:19,177 [INFO] CodeEngine:255 - oldGeneratedFile, C:\Users\tnc\STM32CubeIDE\workspace_1.12.0\DISCOvery4_DEBUG\MXTmpFiles\license.tmp_save
2023-06-25 07:47:19,297 [INFO] CodeEngine:279 - Generated code: C:\Users\tnc\STM32CubeIDE\workspace_1.12.0\DISCOvery4_DEBUG\MXTmpFiles\license.tmp
2023-06-25 07:47:19,347 [INFO] CodeEngine:255 - oldGeneratedFile, C:\Users\tnc\STM32CubeIDE\workspace_1.12.0\DISCOvery4_DEBUG\MXTmpFiles\gpio.tmp_save
2023-06-25 07:47:19,500 [INFO] CodeEngine:279 - Generated code: C:\Users\tnc\STM32CubeIDE\workspace_1.12.0\DISCOvery4_DEBUG\MXTmpFiles\gpio.tmp
2023-06-25 07:47:19,591 [WARN] IPConfigManager:2937 - Warning: the RefConfig PWREx_EnableUSBVoltageDetector is not available in your config.xml file
2023-06-25 07:47:19,601 [INFO] CodeEngine:255 - oldGeneratedFile, C:\Users\tnc\STM32CubeIDE\workspace_1.12.0\DISCOvery4_DEBUG\MXTmpFiles\usb_otg_fs_vars.tmp_save
2023-06-25 07:47:19,785 [INFO] CodeEngine:279 - Generated code: C:\Users\tnc\STM32CubeIDE\workspace_1.12.0\DISCOvery4_DEBUG\MXTmpFiles\usb_otg_fs_vars.tmp
2023-06-25 07:47:19,789 [INFO] CodeEngine:255 - oldGeneratedFile, C:\Users\tnc\STM32CubeIDE\workspace_1.12.0\DISCOvery4_DEBUG\MXTmpFiles\usb_otg_fs_inc.tmp_save
2023-06-25 07:47:19,869 [INFO] CodeEngine:279 - Generated code: C:\Users\tnc\STM32CubeIDE\workspace_1.12.0\DISCOvery4_DEBUG\MXTmpFiles\usb_otg_fs_inc.tmp
2023-06-25 07:47:19,874 [INFO] CodeEngine:255 - oldGeneratedFile, C:\Users\tnc\STM32CubeIDE\workspace_1.12.0\DISCOvery4_DEBUG\MXTmpFiles\usb_otg_fs_HalInit.tmp_save
2023-06-25 07:47:19,980 [INFO] CodeEngine:279 - Generated code: C:\Users\tnc\STM32CubeIDE\workspace_1.12.0\DISCOvery4_DEBUG\MXTmpFiles\usb_otg_fs_HalInit.tmp
2023-06-25 07:47:19,985 [INFO] CodeEngine:255 - oldGeneratedFile, C:\Users\tnc\STM32CubeIDE\workspace_1.12.0\DISCOvery4_DEBUG\MXTmpFiles\usb_otg_fs_Msp.tmp_save
2023-06-25 07:47:20,139 [INFO] CodeEngine:279 - Generated code: C:\Users\tnc\STM32CubeIDE\workspace_1.12.0\DISCOvery4_DEBUG\MXTmpFiles\usb_otg_fs_Msp.tmp
2023-06-25 07:47:20,542 [INFO] CodeEngine:255 - oldGeneratedFile, C:\Users\tnc\STM32CubeIDE\workspace_1.12.0\DISCOvery4_DEBUG\USB_HOST\App\usb_host.c_save
2023-06-25 07:47:20,673 [INFO] CodeEngine:279 - Generated code: C:\Users\tnc\STM32CubeIDE\workspace_1.12.0\DISCOvery4_DEBUG\USB_HOST\App\usb_host.c
2023-06-25 07:47:20,677 [INFO] CodeEngine:255 - oldGeneratedFile, C:\Users\tnc\STM32CubeIDE\workspace_1.12.0\DISCOvery4_DEBUG\USB_HOST\App\usb_host.h_save
2023-06-25 07:47:20,757 [INFO] CodeEngine:279 - Generated code: C:\Users\tnc\STM32CubeIDE\workspace_1.12.0\DISCOvery4_DEBUG\USB_HOST\App\usb_host.h
2023-06-25 07:47:20,763 [INFO] CodeEngine:255 - oldGeneratedFile, C:\Users\tnc\STM32CubeIDE\workspace_1.12.0\DISCOvery4_DEBUG\USB_HOST\Target\usbh_conf.h_save
2023-06-25 07:47:20,853 [INFO] CodeEngine:279 - Generated code: C:\Users\tnc\STM32CubeIDE\workspace_1.12.0\DISCOvery4_DEBUG\USB_HOST\Target\usbh_conf.h
2023-06-25 07:47:20,856 [INFO] CodeEngine:255 - oldGeneratedFile, C:\Users\tnc\STM32CubeIDE\workspace_1.12.0\DISCOvery4_DEBUG\USB_HOST\Target\usbh_conf.c_save
2023-06-25 07:47:20,977 [INFO] CodeEngine:279 - Generated code: C:\Users\tnc\STM32CubeIDE\workspace_1.12.0\DISCOvery4_DEBUG\USB_HOST\Target\usbh_conf.c
2023-06-25 07:47:20,990 [INFO] CodeEngine:255 - oldGeneratedFile, C:\Users\tnc\STM32CubeIDE\workspace_1.12.0\DISCOvery4_DEBUG\USB_HOST\Target\usbh_platform.c_save
2023-06-25 07:47:21,071 [INFO] CodeEngine:279 - Generated code: C:\Users\tnc\STM32CubeIDE\workspace_1.12.0\DISCOvery4_DEBUG\USB_HOST\Target\usbh_platform.c
2023-06-25 07:47:21,077 [INFO] CodeEngine:255 - oldGeneratedFile, C:\Users\tnc\STM32CubeIDE\workspace_1.12.0\DISCOvery4_DEBUG\USB_HOST\Target\usbh_platform.h_save
2023-06-25 07:47:21,158 [INFO] CodeEngine:279 - Generated code: C:\Users\tnc\STM32CubeIDE\workspace_1.12.0\DISCOvery4_DEBUG\USB_HOST\Target\usbh_platform.h
2023-06-25 07:47:21,173 [INFO] CodeEngine:255 - oldGeneratedFile, C:\Users\tnc\STM32CubeIDE\workspace_1.12.0\DISCOvery4_DEBUG\Core\Src\stm32f4xx_it.c_save
2023-06-25 07:47:21,631 [INFO] CodeEngine:279 - Generated code: C:\Users\tnc\STM32CubeIDE\workspace_1.12.0\DISCOvery4_DEBUG\Core\Src\stm32f4xx_it.c
2023-06-25 07:47:21,636 [INFO] CodeEngine:255 - oldGeneratedFile, C:\Users\tnc\STM32CubeIDE\workspace_1.12.0\DISCOvery4_DEBUG\Core\Inc\stm32f4xx_it.h_save
2023-06-25 07:47:21,720 [INFO] CodeEngine:279 - Generated code: C:\Users\tnc\STM32CubeIDE\workspace_1.12.0\DISCOvery4_DEBUG\Core\Inc\stm32f4xx_it.h
2023-06-25 07:47:21,736 [INFO] CodeEngine:255 - oldGeneratedFile, C:\Users\tnc\STM32CubeIDE\workspace_1.12.0\DISCOvery4_DEBUG\Core\Src\stm32f4xx_hal_msp.c_save
2023-06-25 07:47:21,913 [INFO] CodeEngine:279 - Generated code: C:\Users\tnc\STM32CubeIDE\workspace_1.12.0\DISCOvery4_DEBUG\Core\Src\stm32f4xx_hal_msp.c
2023-06-25 07:47:21,918 [INFO] CodeEngine:255 - oldGeneratedFile, C:\Users\tnc\STM32CubeIDE\workspace_1.12.0\DISCOvery4_DEBUG\MXTmpFiles\system.tmp_save
2023-06-25 07:47:22,015 [INFO] CodeEngine:279 - Generated code: C:\Users\tnc\STM32CubeIDE\workspace_1.12.0\DISCOvery4_DEBUG\MXTmpFiles\system.tmp
2023-06-25 07:47:22,025 [INFO] CodeEngine:311 - oldGeneratedFile, C:\Users\tnc\STM32CubeIDE\workspace_1.12.0\DISCOvery4_DEBUG\Core\Inc\stm32f4xx_hal_conf.h_save
2023-06-25 07:47:22,175 [INFO] CodeEngine:335 - Generated code: C:\Users\tnc\STM32CubeIDE\workspace_1.12.0\DISCOvery4_DEBUG\Core\Inc\stm32f4xx_hal_conf.h
2023-06-25 07:47:22,247 [INFO] CodeEngine:255 - oldGeneratedFile, C:\Users\tnc\STM32CubeIDE\workspace_1.12.0\DISCOvery4_DEBUG\Core\Inc\main.h_save
2023-06-25 07:47:22,414 [INFO] CodeEngine:279 - Generated code: C:\Users\tnc\STM32CubeIDE\workspace_1.12.0\DISCOvery4_DEBUG\Core\Inc\main.h
2023-06-25 07:47:22,422 [INFO] CodeEngine:255 - oldGeneratedFile, C:\Users\tnc\STM32CubeIDE\workspace_1.12.0\DISCOvery4_DEBUG\Core\Src\main.c_save
2023-06-25 07:47:22,605 [INFO] CodeEngine:279 - Generated code: C:\Users\tnc\STM32CubeIDE\workspace_1.12.0\DISCOvery4_DEBUG\Core\Src\main.c
2023-06-25 07:47:23,822 [INFO] ProjectBuilder:2996 - Time for Copy HAL[1] : 311mS.
2023-06-25 07:47:23,831 [INFO] ProjectBuilder:4304 - Project Generator version: 3.19.2
2023-06-25 07:47:24,129 [INFO] ConfigFileManager:1483 - The Die is : DIE413
2023-06-25 07:47:24,140 [INFO] ApiDbMcu:507 - Load IP Config File for FATFS
2023-06-25 07:47:24,183 [INFO] ApiDbMcu:507 - Load IP Config File for FREERTOS
2023-06-25 07:47:24,192 [INFO] ApiDbMcu:507 - Load IP Config File for LIBJPEG
2023-06-25 07:47:24,306 [INFO] ApiDbMcu:507 - Load IP Config File for LWIP
2023-06-25 07:47:24,369 [INFO] ApiDbMcu:507 - Load IP Config File for MBEDTLS
2023-06-25 07:47:24,427 [INFO] ApiDbMcu:507 - Load IP Config File for USB_DEVICE
2023-06-25 07:47:28,927 [INFO] ProjectBuilder:4505 - Time for Generating toolchain IDE Files: 5096mS.
2023-06-25 07:47:28,928 [INFO] ProjectBuilder:2867 - Time for Copy CMSIS : 1mS.
2023-06-25 07:47:28,936 [INFO] ProjectBuilder:2867 - Time for Copy CMSIS : 0mS.
2023-06-25 07:47:30,876 [INFO] McuFinderGlobals:66 - Set McuFinderConnectedMode to true
2023-06-25 07:47:30,878 [INFO] ApiDb:448 - Save user favorites file C:\Users\tnc/.stm32cubeide/favorites.mcus.txt: 0 item(s)
2023-06-25 07:47:30,878 [INFO] ApiDb:452 - User favorites MCUs=[]
2023-06-25 07:47:30,879 [INFO] ApiDb:448 - Save user favorites file C:\Users\tnc/.stm32cubeide/favorites.boards.txt: 1 item(s)
2023-06-25 07:47:30,880 [INFO] ApiDb:452 - User favorites Boards=[STM32F407G-DISC1]
2023-06-25 07:48:20,331 [INFO] Gpio:273 - dependency for GPIO [I2C1, I2S3, RCC, SPI1, SYS, USB_OTG_FS]
2023-06-25 07:49:32,047 [INFO] UtilMem:75 - End SaveConfig() Used Memory: 553868176 Bytes (1068498944)
2023-06-25 07:49:35,537 [INFO] UtilMem:75 - End SaveConfig() Used Memory: 594792368 Bytes (1068498944)
2023-06-25 07:49:35,943 [INFO] BlockDiagram:2759 - set Specific Code input for plugin: SPI
2023-06-25 07:49:35,943 [INFO] BlockDiagram:2759 - set Specific Code input for plugin: I2S
2023-06-25 07:49:35,944 [INFO] BlockDiagram:2759 - set Specific Code input for plugin: SYS
2023-06-25 07:49:35,945 [INFO] BlockDiagram:2759 - set Specific Code input for plugin: RCC
2023-06-25 07:49:35,945 [INFO] BlockDiagram:2759 - set Specific Code input for plugin: I2C
2023-06-25 07:49:35,945 [INFO] BlockDiagram:2759 - set Specific Code input for plugin: USB_OTG_FS
2023-06-25 07:49:35,945 [INFO] BlockDiagram:2759 - set Specific Code input for plugin: NVIC
2023-06-25 07:49:35,945 [INFO] BlockDiagram:2759 - set Specific Code input for plugin: USB_HOST
2023-06-25 07:49:35,946 [INFO] BlockDiagram:2759 - set Specific Code input for plugin: GPIO
2023-06-25 07:49:35,946 [INFO] CodeGenerator:793 - code generatio: config db path: C:\ST\STM32CubeIDE_1.12.0\STM32CubeIDE\plugins\com.st.stm32cube.common.mx_6.8.0.202302231600\\db\
2023-06-25 07:49:35,948 [WARN] IP:2113 - I2C_Coeff_DF not found: check if there is a RefParameter without a condition.
2023-06-25 07:49:35,948 [WARN] IP:2113 - Analog_Filter not found: check if there is a RefParameter without a condition.
2023-06-25 07:49:36,171 [INFO] CodeEngine:255 - oldGeneratedFile, C:\Users\tnc\STM32CubeIDE\workspace_1.12.0\DISCOvery4_DEBUG\MXTmpFiles\license.tmp_save
2023-06-25 07:49:36,323 [INFO] CodeEngine:279 - Generated code: C:\Users\tnc\STM32CubeIDE\workspace_1.12.0\DISCOvery4_DEBUG\MXTmpFiles\license.tmp
2023-06-25 07:49:36,390 [INFO] CodeEngine:255 - oldGeneratedFile, C:\Users\tnc\STM32CubeIDE\workspace_1.12.0\DISCOvery4_DEBUG\MXTmpFiles\gpio.tmp_save
2023-06-25 07:49:36,543 [INFO] CodeEngine:279 - Generated code: C:\Users\tnc\STM32CubeIDE\workspace_1.12.0\DISCOvery4_DEBUG\MXTmpFiles\gpio.tmp
2023-06-25 07:49:36,635 [WARN] IPConfigManager:2937 - Warning: the RefConfig PWREx_EnableUSBVoltageDetector is not available in your config.xml file
2023-06-25 07:49:36,649 [INFO] CodeEngine:255 - oldGeneratedFile, C:\Users\tnc\STM32CubeIDE\workspace_1.12.0\DISCOvery4_DEBUG\MXTmpFiles\usb_otg_fs_vars.tmp_save
2023-06-25 07:49:36,762 [INFO] CodeEngine:279 - Generated code: C:\Users\tnc\STM32CubeIDE\workspace_1.12.0\DISCOvery4_DEBUG\MXTmpFiles\usb_otg_fs_vars.tmp
2023-06-25 07:49:36,766 [INFO] CodeEngine:255 - oldGeneratedFile, C:\Users\tnc\STM32CubeIDE\workspace_1.12.0\DISCOvery4_DEBUG\MXTmpFiles\usb_otg_fs_inc.tmp_save
2023-06-25 07:49:36,851 [INFO] CodeEngine:279 - Generated code: C:\Users\tnc\STM32CubeIDE\workspace_1.12.0\DISCOvery4_DEBUG\MXTmpFiles\usb_otg_fs_inc.tmp
2023-06-25 07:49:36,856 [INFO] CodeEngine:255 - oldGeneratedFile, C:\Users\tnc\STM32CubeIDE\workspace_1.12.0\DISCOvery4_DEBUG\MXTmpFiles\usb_otg_fs_HalInit.tmp_save
2023-06-25 07:49:37,028 [INFO] CodeEngine:279 - Generated code: C:\Users\tnc\STM32CubeIDE\workspace_1.12.0\DISCOvery4_DEBUG\MXTmpFiles\usb_otg_fs_HalInit.tmp
2023-06-25 07:49:37,034 [INFO] CodeEngine:255 - oldGeneratedFile, C:\Users\tnc\STM32CubeIDE\workspace_1.12.0\DISCOvery4_DEBUG\MXTmpFiles\usb_otg_fs_Msp.tmp_save
2023-06-25 07:49:37,167 [INFO] CodeEngine:279 - Generated code: C:\Users\tnc\STM32CubeIDE\workspace_1.12.0\DISCOvery4_DEBUG\MXTmpFiles\usb_otg_fs_Msp.tmp
2023-06-25 07:49:37,513 [INFO] CodeEngine:255 - oldGeneratedFile, C:\Users\tnc\STM32CubeIDE\workspace_1.12.0\DISCOvery4_DEBUG\USB_HOST\App\usb_host.c_save
2023-06-25 07:49:37,626 [INFO] CodeEngine:279 - Generated code: C:\Users\tnc\STM32CubeIDE\workspace_1.12.0\DISCOvery4_DEBUG\USB_HOST\App\usb_host.c
2023-06-25 07:49:37,632 [INFO] CodeEngine:255 - oldGeneratedFile, C:\Users\tnc\STM32CubeIDE\workspace_1.12.0\DISCOvery4_DEBUG\USB_HOST\App\usb_host.h_save
2023-06-25 07:49:37,726 [INFO] CodeEngine:279 - Generated code: C:\Users\tnc\STM32CubeIDE\workspace_1.12.0\DISCOvery4_DEBUG\USB_HOST\App\usb_host.h
2023-06-25 07:49:37,733 [INFO] CodeEngine:255 - oldGeneratedFile, C:\Users\tnc\STM32CubeIDE\workspace_1.12.0\DISCOvery4_DEBUG\USB_HOST\Target\usbh_conf.h_save
2023-06-25 07:49:37,841 [INFO] CodeEngine:279 - Generated code: C:\Users\tnc\STM32CubeIDE\workspace_1.12.0\DISCOvery4_DEBUG\USB_HOST\Target\usbh_conf.h
2023-06-25 07:49:37,855 [INFO] CodeEngine:255 - oldGeneratedFile, C:\Users\tnc\STM32CubeIDE\workspace_1.12.0\DISCOvery4_DEBUG\USB_HOST\Target\usbh_conf.c_save
2023-06-25 07:49:37,961 [INFO] CodeEngine:279 - Generated code: C:\Users\tnc\STM32CubeIDE\workspace_1.12.0\DISCOvery4_DEBUG\USB_HOST\Target\usbh_conf.c
2023-06-25 07:49:37,968 [INFO] CodeEngine:255 - oldGeneratedFile, C:\Users\tnc\STM32CubeIDE\workspace_1.12.0\DISCOvery4_DEBUG\USB_HOST\Target\usbh_platform.c_save
2023-06-25 07:49:38,161 [INFO] CodeEngine:279 - Generated code: C:\Users\tnc\STM32CubeIDE\workspace_1.12.0\DISCOvery4_DEBUG\USB_HOST\Target\usbh_platform.c
2023-06-25 07:49:38,167 [INFO] CodeEngine:255 - oldGeneratedFile, C:\Users\tnc\STM32CubeIDE\workspace_1.12.0\DISCOvery4_DEBUG\USB_HOST\Target\usbh_platform.h_save
2023-06-25 07:49:38,241 [INFO] CodeEngine:279 - Generated code: C:\Users\tnc\STM32CubeIDE\workspace_1.12.0\DISCOvery4_DEBUG\USB_HOST\Target\usbh_platform.h
2023-06-25 07:49:38,263 [INFO] CodeEngine:255 - oldGeneratedFile, C:\Users\tnc\STM32CubeIDE\workspace_1.12.0\DISCOvery4_DEBUG\Core\Src\stm32f4xx_it.c_save
2023-06-25 07:49:38,380 [INFO] CodeEngine:279 - Generated code: C:\Users\tnc\STM32CubeIDE\workspace_1.12.0\DISCOvery4_DEBUG\Core\Src\stm32f4xx_it.c
2023-06-25 07:49:38,387 [INFO] CodeEngine:255 - oldGeneratedFile, C:\Users\tnc\STM32CubeIDE\workspace_1.12.0\DISCOvery4_DEBUG\Core\Inc\stm32f4xx_it.h_save
2023-06-25 07:49:38,475 [INFO] CodeEngine:279 - Generated code: C:\Users\tnc\STM32CubeIDE\workspace_1.12.0\DISCOvery4_DEBUG\Core\Inc\stm32f4xx_it.h
2023-06-25 07:49:38,498 [INFO] CodeEngine:255 - oldGeneratedFile, C:\Users\tnc\STM32CubeIDE\workspace_1.12.0\DISCOvery4_DEBUG\Core\Src\stm32f4xx_hal_msp.c_save
2023-06-25 07:49:38,624 [INFO] CodeEngine:279 - Generated code: C:\Users\tnc\STM32CubeIDE\workspace_1.12.0\DISCOvery4_DEBUG\Core\Src\stm32f4xx_hal_msp.c
2023-06-25 07:49:38,629 [INFO] CodeEngine:255 - oldGeneratedFile, C:\Users\tnc\STM32CubeIDE\workspace_1.12.0\DISCOvery4_DEBUG\MXTmpFiles\system.tmp_save
2023-06-25 07:49:38,695 [INFO] CodeEngine:279 - Generated code: C:\Users\tnc\STM32CubeIDE\workspace_1.12.0\DISCOvery4_DEBUG\MXTmpFiles\system.tmp
2023-06-25 07:49:38,715 [INFO] CodeEngine:311 - oldGeneratedFile, C:\Users\tnc\STM32CubeIDE\workspace_1.12.0\DISCOvery4_DEBUG\Core\Inc\stm32f4xx_hal_conf.h_save
2023-06-25 07:49:38,855 [INFO] CodeEngine:335 - Generated code: C:\Users\tnc\STM32CubeIDE\workspace_1.12.0\DISCOvery4_DEBUG\Core\Inc\stm32f4xx_hal_conf.h
2023-06-25 07:49:38,926 [INFO] CodeEngine:255 - oldGeneratedFile, C:\Users\tnc\STM32CubeIDE\workspace_1.12.0\DISCOvery4_DEBUG\Core\Inc\main.h_save
2023-06-25 07:49:39,019 [INFO] CodeEngine:279 - Generated code: C:\Users\tnc\STM32CubeIDE\workspace_1.12.0\DISCOvery4_DEBUG\Core\Inc\main.h
2023-06-25 07:49:39,034 [INFO] CodeEngine:255 - oldGeneratedFile, C:\Users\tnc\STM32CubeIDE\workspace_1.12.0\DISCOvery4_DEBUG\Core\Src\main.c_save
2023-06-25 07:49:39,199 [INFO] CodeEngine:279 - Generated code: C:\Users\tnc\STM32CubeIDE\workspace_1.12.0\DISCOvery4_DEBUG\Core\Src\main.c
2023-06-25 07:49:40,233 [INFO] ProjectBuilder:2996 - Time for Copy HAL[1] : 264mS.
2023-06-25 07:49:40,241 [INFO] ProjectBuilder:4304 - Project Generator version: 3.19.2
2023-06-25 07:49:40,644 [INFO] ConfigFileManager:1483 - The Die is : DIE413
2023-06-25 07:49:43,248 [INFO] ProjectBuilder:4505 - Time for Generating toolchain IDE Files: 3006mS.
2023-06-25 07:49:43,248 [INFO] ProjectBuilder:2867 - Time for Copy CMSIS : 0mS.
2023-06-25 07:49:43,256 [INFO] ProjectBuilder:2867 - Time for Copy CMSIS : 0mS.
2023-06-25 15:19:23,385 [INFO] Activator:176 - 


2023-06-25 15:19:23,389 [INFO] Activator:177 - !SESSION log4j initialized
2023-06-25 15:19:34,688 [INFO] LogOutputStream:77 - [STDOUT_REDIRECT] 
2023-06-25 15:19:59,194 [ERROR] LogOutputStream:75 - [STDERR_REDIRECT] SLF4J: Failed to load class "org.slf4j.impl.StaticLoggerBinder".
2023-06-25 15:19:59,194 [ERROR] LogOutputStream:75 - [STDERR_REDIRECT] SLF4J: Defaulting to no-operation (NOP) logger implementation
2023-06-25 15:19:59,194 [ERROR] LogOutputStream:75 - [STDERR_REDIRECT] SLF4J: See http://www.slf4j.org/codes.html#StaticLoggerBinder for further details.
2023-06-25 16:29:45,796 [INFO] Activator:176 - 


2023-06-25 16:29:45,796 [INFO] Activator:177 - !SESSION log4j initialized
2023-06-25 16:29:54,799 [INFO] LogOutputStream:77 - [STDOUT_REDIRECT] 
2023-06-25 16:30:34,421 [ERROR] LogOutputStream:75 - [STDERR_REDIRECT] SLF4J: Failed to load class "org.slf4j.impl.StaticLoggerBinder".
2023-06-25 16:30:34,421 [ERROR] LogOutputStream:75 - [STDERR_REDIRECT] SLF4J: Defaulting to no-operation (NOP) logger implementation
2023-06-25 16:30:34,421 [ERROR] LogOutputStream:75 - [STDERR_REDIRECT] SLF4J: See http://www.slf4j.org/codes.html#StaticLoggerBinder for further details.
