2023-05-31 23:32:14,855 [INFO] Activator:176 - 


2023-05-31 23:32:14,859 [INFO] Activator:177 - !SESSION log4j initialized
2023-05-31 23:32:19,881 [INFO] LogOutputStream:77 - [STDOUT_REDIRECT] 
2023-05-31 23:32:48,827 [ERROR] LogOutputStream:75 - [STDERR_REDIRECT] SLF4J: Failed to load class "org.slf4j.impl.StaticLoggerBinder".
2023-05-31 23:32:48,831 [ERROR] LogOutputStream:75 - [STDERR_REDIRECT] SLF4J: Defaulting to no-operation (NOP) logger implementation
2023-05-31 23:32:48,835 [ERROR] LogOutputStream:75 - [STDERR_REDIRECT] SLF4J: See http://www.slf4j.org/codes.html#StaticLoggerBinder for further details.
2023-05-31 23:33:38,787 [INFO] ApplicationProperties:184 - Using Application install path: C:\ST\STM32CubeIDE_1.12.0\STM32CubeIDE\plugins\com.st.stm32cube.common.mx_6.8.0.202302231600
2023-05-31 23:33:38,821 [INFO] DbMcusXml:78 - Set database path to: C:\ST\STM32CubeIDE_1.12.0\STM32CubeIDE\plugins\com.st.stm32cube.common.mx_6.8.0.202302231600\\db\/mcu/
2023-05-31 23:33:38,822 [INFO] ApiDb:274 - Set plugin database path to: C:\ST\STM32CubeIDE_1.12.0\STM32CubeIDE\plugins\com.st.stm32cube.common.mx_6.8.0.202302231600\\db\/plugins/boardmanager/
2023-05-31 23:33:38,826 [WARN] ApiDb:259 - Overriding images path with different value:  => C:\ST\STM32CubeIDE_1.12.0\STM32CubeIDE\plugins\com.st.stm32cube.common.mx_6.8.0.202302231600\\db\/plugins/mcufinder/images/
2023-05-31 23:33:49,767 [WARN] ApiFinderProperties:113 - C:\Users\tnc\.stmcufinder\plugins\mcufinder\mcu\mcuFinder.mfd doesn't exist
2023-05-31 23:33:49,769 [INFO] ApiDb:250 - Set database path to: C:\Users\tnc\.stmcufinder\plugins\mcufinder//mcu/
2023-05-31 23:33:49,771 [INFO] DbMcusAds:125 - Set database path to: C:\Users\tnc\.stmcufinder\plugins\mcufinder//mcu/
2023-05-31 23:33:50,130 [INFO] CrossReferenceDbSqlite:203 - Set database path to: C:\Users\tnc\.stmcufinder\plugins\mcufinder//mcu/cs/
2023-05-31 23:33:50,804 [INFO] RulesReader:64 - Compatibility file has been processed (293 Rules)
2023-05-31 23:33:52,726 [INFO] DbMcusXml:78 - Set database path to: C:\ST\STM32CubeIDE_1.12.0\STM32CubeIDE\plugins\com.st.stm32cube.common.mx_6.8.0.202302231600\\db\/mcu/
2023-05-31 23:33:52,727 [INFO] ApiDb:274 - Set plugin database path to: C:\ST\STM32CubeIDE_1.12.0\STM32CubeIDE\plugins\com.st.stm32cube.common.mx_6.8.0.202302231600\\db\/plugins/boardmanager/
2023-05-31 23:33:52,728 [INFO] ApiDb:261 - Set plugin images path to: C:\ST\STM32CubeIDE_1.12.0\STM32CubeIDE\plugins\com.st.stm32cube.common.mx_6.8.0.202302231600\\db\/plugins/mcufinder/images/
2023-05-31 23:33:52,728 [WARN] DbFile:41 - Overriding database path with different value: C:\Users\tnc\.stmcufinder\plugins\mcufinder/ => C:\Users\tnc\.stmcufinder\plugins\mcufinder
2023-05-31 23:33:52,729 [INFO] ApiDb:250 - Set database path to: C:\Users\tnc\.stmcufinder\plugins\mcufinder//mcu/
2023-05-31 23:33:52,729 [WARN] DbFile:41 - Overriding database path with different value: C:\Users\tnc\.stmcufinder\plugins\mcufinder/ => C:\Users\tnc\.stmcufinder\plugins\mcufinder
2023-05-31 23:33:52,729 [INFO] DbMcusAds:125 - Set database path to: C:\Users\tnc\.stmcufinder\plugins\mcufinder//mcu/
2023-05-31 23:33:52,729 [WARN] DbFile:41 - Overriding database path with different value: C:\Users\tnc\.stmcufinder\plugins\mcufinder/ => C:\Users\tnc\.stmcufinder\plugins\mcufinder
2023-05-31 23:33:52,730 [WARN] DbFile:41 - Overriding database path with different value: C:\Users\tnc\.stmcufinder\plugins\mcufinder/ => C:\Users\tnc\.stmcufinder\plugins\mcufinder
2023-05-31 23:33:52,730 [INFO] CrossReferenceDbSqlite:203 - Set database path to: C:\Users\tnc\.stmcufinder\plugins\mcufinder//mcu/cs/
2023-05-31 23:33:53,719 [INFO] MainPanel:253 - HeapMemory: 307232768
2023-05-31 23:33:54,053 [INFO] DbMcusXml:78 - Set database path to: C:\ST\STM32CubeIDE_1.12.0\STM32CubeIDE\plugins\com.st.stm32cube.common.mx_6.8.0.202302231600\\db\/mcu/
2023-05-31 23:33:54,053 [INFO] ApiDb:274 - Set plugin database path to: C:\ST\STM32CubeIDE_1.12.0\STM32CubeIDE\plugins\com.st.stm32cube.common.mx_6.8.0.202302231600\\db\/plugins/boardmanager/
2023-05-31 23:33:54,053 [INFO] ApiDb:261 - Set plugin images path to: C:\ST\STM32CubeIDE_1.12.0\STM32CubeIDE\plugins\com.st.stm32cube.common.mx_6.8.0.202302231600\\db\/plugins/mcufinder/images/
2023-05-31 23:33:54,054 [WARN] DbFile:41 - Overriding database path with different value: C:\Users\tnc\.stmcufinder\plugins\mcufinder/ => C:\Users\tnc\.stmcufinder\plugins\mcufinder
2023-05-31 23:33:54,054 [INFO] ApiDb:250 - Set database path to: C:\Users\tnc\.stmcufinder\plugins\mcufinder//mcu/
2023-05-31 23:33:54,054 [WARN] DbFile:41 - Overriding database path with different value: C:\Users\tnc\.stmcufinder\plugins\mcufinder/ => C:\Users\tnc\.stmcufinder\plugins\mcufinder
2023-05-31 23:33:54,055 [INFO] DbMcusAds:125 - Set database path to: C:\Users\tnc\.stmcufinder\plugins\mcufinder//mcu/
2023-05-31 23:33:54,055 [WARN] DbFile:41 - Overriding database path with different value: C:\Users\tnc\.stmcufinder\plugins\mcufinder/ => C:\Users\tnc\.stmcufinder\plugins\mcufinder
2023-05-31 23:33:54,055 [WARN] DbFile:41 - Overriding database path with different value: C:\Users\tnc\.stmcufinder\plugins\mcufinder/ => C:\Users\tnc\.stmcufinder\plugins\mcufinder
2023-05-31 23:33:54,055 [INFO] CrossReferenceDbSqlite:203 - Set database path to: C:\Users\tnc\.stmcufinder\plugins\mcufinder//mcu/cs/
2023-05-31 23:33:54,277 [INFO] ApplicationProperties:184 - Using Application install path: C:\ST\STM32CubeIDE_1.12.0\STM32CubeIDE\plugins\com.st.stm32cube.common.mx_6.8.0.202302231600
2023-05-31 23:33:54,392 [INFO] PluginManage:196 - Search for loadable plugins [exclusion list=, ]
2023-05-31 23:33:54,510 [INFO] PluginManage:310 - Check plugin analytics
2023-05-31 23:33:54,899 [INFO] AnalyticsPlugin:253 - Accepted Software Licenses: 
2023-05-31 23:33:54,899 [INFO] AnalyticsPlugin:255 - Accepted CMSIS Pack Licenses: 
2023-05-31 23:33:54,900 [INFO] AnalyticsPlugin:257 - Accepted Firmware Licenses: 
2023-05-31 23:33:54,910 [INFO] PluginManage:359 - Loaded plugin analytics (category:tool,tabindex:-1)
2023-05-31 23:33:54,910 [INFO] PluginManage:310 - Check plugin cadmodel
2023-05-31 23:33:54,931 [INFO] CADModel:105 - Init CAD model plugin
2023-05-31 23:33:54,931 [INFO] PluginManage:359 - Loaded plugin cadmodel (category:power,tabindex:5)
2023-05-31 23:33:54,932 [INFO] PluginManage:310 - Check plugin clock
2023-05-31 23:33:55,010 [INFO] PluginManage:359 - Loaded plugin clock (category:base,tabindex:2)
2023-05-31 23:33:55,011 [INFO] PluginManage:310 - Check plugin ddr
2023-05-31 23:33:55,136 [INFO] PluginManage:359 - Loaded plugin ddr (category:tool,tabindex:6)
2023-05-31 23:33:55,136 [INFO] PluginManage:310 - Check plugin filemanager
2023-05-31 23:33:55,937 [INFO] PluginManage:359 - Loaded plugin filemanager (category:base,tabindex:10)
2023-05-31 23:33:55,937 [INFO] PluginManage:310 - Check plugin ipmanager
2023-05-31 23:33:55,949 [INFO] PluginManage:359 - Loaded plugin ipmanager (category:base,tabindex:5)
2023-05-31 23:33:55,950 [INFO] PluginManage:310 - Check plugin lpbam
2023-05-31 23:33:55,963 [INFO] PluginManage:359 - Loaded plugin lpbam (category:base,tabindex:0)
2023-05-31 23:33:55,964 [INFO] PluginManage:310 - Check plugin pinoutandconfiguration
2023-05-31 23:33:55,975 [INFO] PluginManage:359 - Loaded plugin pinoutandconfiguration (category:base,tabindex:1)
2023-05-31 23:33:55,975 [INFO] PluginManage:310 - Check plugin pinoutconfig
2023-05-31 23:33:56,133 [WARN] SupportedApi:132 - Cannot load RTOS API schema: s4s-elt-must-match.1: The content of 'definitions' must match (annotation?, (simpleType | complexType)?, (unique | key | keyref)*)). A problem was found starting at: attribute.
2023-05-31 23:33:56,361 [INFO] PluginManage:359 - Loaded plugin pinoutconfig (category:base,tabindex:0)
2023-05-31 23:33:56,361 [INFO] PluginManage:310 - Check plugin power
2023-05-31 23:33:56,371 [INFO] PluginManage:359 - Loaded plugin power (category:power,tabindex:4)
2023-05-31 23:33:56,371 [INFO] PluginManage:310 - Check plugin projectmanager
2023-05-31 23:33:56,391 [INFO] PluginManage:359 - Loaded plugin projectmanager (category:projectmanager,tabindex:3)
2023-05-31 23:33:56,391 [INFO] PluginManage:310 - Check plugin thirdparty
2023-05-31 23:33:56,596 [WARN] IntegrityCheckThread:84 - waiting for thirdparty lock release [integrity check]
2023-05-31 23:33:56,596 [INFO] PluginManage:359 - Loaded plugin thirdparty (category:base,tabindex:-1)
2023-05-31 23:33:56,597 [INFO] IntegrityCheckThread:86 - entering critical section [integrity check]
2023-05-31 23:33:56,597 [INFO] PluginManage:310 - Check plugin tools
2023-05-31 23:33:56,601 [INFO] ThirdPartyUpdaterWithRetryManager:70 - Updater plugin not ready yet. [1/15]
2023-05-31 23:33:56,601 [INFO] PluginManage:359 - Loaded plugin tools (category:base,tabindex:7)
2023-05-31 23:33:56,601 [INFO] PluginManage:310 - Check plugin tutovideos
2023-05-31 23:33:58,929 [INFO] PluginManage:359 - Loaded plugin tutovideos (category:base,tabindex:-1)
2023-05-31 23:33:58,929 [INFO] PluginManage:310 - Check plugin updater
2023-05-31 23:33:58,951 [INFO] PluginManage:359 - Loaded plugin updater (category:base,tabindex:12)
2023-05-31 23:33:58,952 [INFO] PluginManage:283 - PluginManage : Loaded plugins [15]
2023-05-31 23:33:59,603 [INFO] ThirdPartyUpdaterWithRetryManager:70 - Updater plugin not ready yet. [2/15]
2023-05-31 23:34:00,410 [INFO] PinOutPanel:1499 - setPackage(No Configuration,No Configuration)
2023-05-31 23:34:00,643 [INFO] CADModel:165 - CPN selected for project level
2023-05-31 23:34:00,643 [INFO] CADModel:114 - Register for checkConnection events
2023-05-31 23:34:00,709 [INFO] IPUIPlugin:80 - create IPUIPlugin
2023-05-31 23:34:00,710 [INFO] PluginManager:220 - loadIPPluginJar : add adc
2023-05-31 23:34:00,713 [INFO] IPUIPlugin:80 - create IPUIPlugin
2023-05-31 23:34:00,714 [INFO] PluginManager:220 - loadIPPluginJar : add aes
2023-05-31 23:34:00,718 [INFO] IPUIPlugin:80 - create IPUIPlugin
2023-05-31 23:34:00,718 [INFO] PluginManager:220 - loadIPPluginJar : add can
2023-05-31 23:34:00,720 [INFO] IPUIPlugin:80 - create IPUIPlugin
2023-05-31 23:34:00,721 [INFO] PluginManager:220 - loadIPPluginJar : add comp
2023-05-31 23:34:00,724 [INFO] IPUIPlugin:80 - create IPUIPlugin
2023-05-31 23:34:00,725 [INFO] PluginManager:220 - loadIPPluginJar : add cryp
2023-05-31 23:34:00,750 [INFO] IPUIPlugin:80 - create IPUIPlugin
2023-05-31 23:34:00,750 [INFO] PluginManager:220 - loadIPPluginJar : add dfsdm
2023-05-31 23:34:00,759 [INFO] IPUIPlugin:80 - create IPUIPlugin
2023-05-31 23:34:00,760 [INFO] PluginManager:220 - loadIPPluginJar : add dma
2023-05-31 23:34:00,764 [INFO] IPUIPlugin:80 - create IPUIPlugin
2023-05-31 23:34:00,765 [INFO] PluginManager:220 - loadIPPluginJar : add dma3
2023-05-31 23:34:00,789 [INFO] IPUIPlugin:80 - create IPUIPlugin
2023-05-31 23:34:00,790 [INFO] PluginManager:220 - loadIPPluginJar : add fatfs
2023-05-31 23:34:00,810 [INFO] IPUIPlugin:80 - create IPUIPlugin
2023-05-31 23:34:00,810 [INFO] PluginManager:220 - loadIPPluginJar : add fmc
2023-05-31 23:34:00,819 [INFO] IPUIPlugin:80 - create IPUIPlugin
2023-05-31 23:34:00,819 [INFO] PluginManager:220 - loadIPPluginJar : add freertos
2023-05-31 23:34:00,821 [INFO] IPUIPlugin:80 - create IPUIPlugin
2023-05-31 23:34:00,822 [INFO] PluginManager:220 - loadIPPluginJar : add genericplugin
2023-05-31 23:34:00,825 [INFO] IPUIPlugin:80 - create IPUIPlugin
2023-05-31 23:34:00,825 [INFO] PluginManager:220 - loadIPPluginJar : add gfxmmu
2023-05-31 23:34:00,853 [INFO] IPUIPlugin:80 - create IPUIPlugin
2023-05-31 23:34:00,853 [INFO] PluginManager:220 - loadIPPluginJar : add gic
2023-05-31 23:34:00,859 [INFO] IPUIPlugin:80 - create IPUIPlugin
2023-05-31 23:34:00,859 [INFO] PluginManager:220 - loadIPPluginJar : add gpio
2023-05-31 23:34:00,864 [INFO] IPUIPlugin:80 - create IPUIPlugin
2023-05-31 23:34:00,864 [INFO] PluginManager:220 - loadIPPluginJar : add gtzc
2023-05-31 23:34:00,868 [INFO] IPUIPlugin:80 - create IPUIPlugin
2023-05-31 23:34:00,868 [INFO] PluginManager:220 - loadIPPluginJar : add hash
2023-05-31 23:34:00,872 [INFO] IPUIPlugin:80 - create IPUIPlugin
2023-05-31 23:34:00,872 [INFO] PluginManager:220 - loadIPPluginJar : add i2c
2023-05-31 23:34:00,882 [INFO] IPUIPlugin:80 - create IPUIPlugin
2023-05-31 23:34:00,882 [INFO] PluginManager:220 - loadIPPluginJar : add i2s
2023-05-31 23:34:00,887 [INFO] IPUIPlugin:80 - create IPUIPlugin
2023-05-31 23:34:00,887 [INFO] PluginManager:220 - loadIPPluginJar : add i3c
2023-05-31 23:34:00,892 [INFO] IPUIPlugin:80 - create IPUIPlugin
2023-05-31 23:34:00,892 [INFO] PluginManager:220 - loadIPPluginJar : add ipddr
2023-05-31 23:34:00,903 [INFO] IPUIPlugin:80 - create IPUIPlugin
2023-05-31 23:34:00,903 [INFO] PluginManager:220 - loadIPPluginJar : add linkedlist
2023-05-31 23:34:00,908 [INFO] IPUIPlugin:80 - create IPUIPlugin
2023-05-31 23:34:00,909 [INFO] PluginManager:220 - loadIPPluginJar : add lorawan
2023-05-31 23:34:00,911 [INFO] IPUIPlugin:80 - create IPUIPlugin
2023-05-31 23:34:00,913 [INFO] PluginManager:220 - loadIPPluginJar : add ltdc
2023-05-31 23:34:00,929 [INFO] IPUIPlugin:80 - create IPUIPlugin
2023-05-31 23:34:00,930 [INFO] PluginManager:220 - loadIPPluginJar : add mdma
2023-05-31 23:34:00,935 [INFO] IPUIPlugin:80 - create IPUIPlugin
2023-05-31 23:34:00,936 [INFO] PluginManager:220 - loadIPPluginJar : add nvic
2023-05-31 23:34:00,941 [INFO] IPUIPlugin:80 - create IPUIPlugin
2023-05-31 23:34:00,943 [INFO] PluginManager:220 - loadIPPluginJar : add opamp
2023-05-31 23:34:00,948 [INFO] IPUIPlugin:80 - create IPUIPlugin
2023-05-31 23:34:00,948 [INFO] PluginManager:220 - loadIPPluginJar : add openamp
2023-05-31 23:34:00,957 [INFO] IPUIPlugin:80 - create IPUIPlugin
2023-05-31 23:34:00,957 [INFO] PluginManager:220 - loadIPPluginJar : add pdm2pcm
2023-05-31 23:34:00,967 [INFO] IPUIPlugin:80 - create IPUIPlugin
2023-05-31 23:34:00,971 [INFO] PluginManager:220 - loadIPPluginJar : add plateformsettings
2023-05-31 23:34:00,974 [INFO] IPUIPlugin:80 - create IPUIPlugin
2023-05-31 23:34:00,974 [INFO] PluginManager:220 - loadIPPluginJar : add quadspi
2023-05-31 23:34:00,979 [INFO] IPUIPlugin:80 - create IPUIPlugin
2023-05-31 23:34:00,979 [INFO] PluginManager:220 - loadIPPluginJar : add resmgrutility
2023-05-31 23:34:00,984 [INFO] IPUIPlugin:80 - create IPUIPlugin
2023-05-31 23:34:00,984 [INFO] PluginManager:220 - loadIPPluginJar : add sai
2023-05-31 23:34:00,994 [INFO] IPUIPlugin:80 - create IPUIPlugin
2023-05-31 23:34:00,994 [INFO] PluginManager:220 - loadIPPluginJar : add spi
2023-05-31 23:34:01,061 [INFO] IPUIPlugin:80 - create IPUIPlugin
2023-05-31 23:34:01,085 [INFO] PluginManager:220 - loadIPPluginJar : add stm32_wpan
2023-05-31 23:34:01,088 [INFO] IPUIPlugin:80 - create IPUIPlugin
2023-05-31 23:34:01,088 [INFO] PluginManager:220 - loadIPPluginJar : add tim
2023-05-31 23:34:01,093 [INFO] IPUIPlugin:80 - create IPUIPlugin
2023-05-31 23:34:01,093 [INFO] PluginManager:220 - loadIPPluginJar : add touchsensing
2023-05-31 23:34:01,119 [INFO] IPUIPlugin:80 - create IPUIPlugin
2023-05-31 23:34:01,119 [INFO] PluginManager:220 - loadIPPluginJar : add tracer_emb
2023-05-31 23:34:01,122 [INFO] IPUIPlugin:80 - create IPUIPlugin
2023-05-31 23:34:01,123 [INFO] PluginManager:220 - loadIPPluginJar : add ts
2023-05-31 23:34:01,125 [INFO] IPUIPlugin:80 - create IPUIPlugin
2023-05-31 23:34:01,125 [INFO] PluginManager:220 - loadIPPluginJar : add tsc
2023-05-31 23:34:01,129 [INFO] IPUIPlugin:80 - create IPUIPlugin
2023-05-31 23:34:01,129 [INFO] PluginManager:220 - loadIPPluginJar : add ucpd
2023-05-31 23:34:01,134 [INFO] IPUIPlugin:80 - create IPUIPlugin
2023-05-31 23:34:01,135 [INFO] PluginManager:220 - loadIPPluginJar : add usart
2023-05-31 23:34:01,140 [INFO] IPUIPlugin:80 - create IPUIPlugin
2023-05-31 23:34:01,140 [INFO] PluginManager:220 - loadIPPluginJar : add usbx
2023-05-31 23:34:01,489 [INFO] CADModel:165 - CPN selected for project level
2023-05-31 23:34:01,489 [INFO] CADModel:114 - Register for checkConnection events
2023-05-31 23:34:01,490 [FATAL] Updater:308 - Updater called before beeing initialized
2023-05-31 23:34:01,490 [ERROR] CADModel:125 - Updater not yet initialized, retry later 
2023-05-31 23:34:01,846 [INFO] CADModel:165 - CPN selected for project level
2023-05-31 23:34:01,846 [INFO] CADModel:114 - Register for checkConnection events
2023-05-31 23:34:01,846 [FATAL] Updater:308 - Updater called before beeing initialized
2023-05-31 23:34:01,847 [ERROR] CADModel:125 - Updater not yet initialized, retry later 
2023-05-31 23:34:01,850 [FATAL] Updater:308 - Updater called before beeing initialized
2023-05-31 23:34:02,607 [INFO] ThirdPartyUpdaterWithRetryManager:70 - Updater plugin not ready yet. [3/15]
2023-05-31 23:34:02,898 [FATAL] Updater:308 - Updater called before beeing initialized
2023-05-31 23:34:02,925 [INFO] DbMcusAds:53 - JSON generation date=Thu Sep 30 09:55:09 TRT 2021 (1632984909247)
2023-05-31 23:34:02,925 [FATAL] Updater:308 - Updater called before beeing initialized
2023-05-31 23:34:03,014 [WARN] DetailPanel:346 - Failed to get advertising image, set to default
2023-05-31 23:34:03,383 [FATAL] Updater:308 - Updater called before beeing initialized
2023-05-31 23:34:03,440 [FATAL] Updater:308 - Updater called before beeing initialized
2023-05-31 23:34:03,440 [FATAL] Updater:308 - Updater called before beeing initialized
2023-05-31 23:34:03,440 [WARN] DetailPanel:346 - Failed to get advertising image, set to default
2023-05-31 23:34:03,441 [FATAL] Updater:308 - Updater called before beeing initialized
2023-05-31 23:34:03,618 [ERROR] Updater:1120 - MainUpdater not yet initialized. External WinMGr cannot be set.
2023-05-31 23:34:03,622 [INFO] Updater:1056 - Updater Version found : 6.8.0
2023-05-31 23:34:03,641 [INFO] ApplicationProperties:184 - Using Application install path: C:\ST\STM32CubeIDE_1.12.0\STM32CubeIDE\plugins\com.st.stm32cube.common.mx_6.8.0.202302231600
2023-05-31 23:34:03,681 [INFO] MainUpdater:519 - Copy updater definitions from MX database
2023-05-31 23:34:03,770 [INFO] MainUpdater:552 - Copy flag file definitions from MX database
2023-05-31 23:34:03,772 [INFO] MainUpdater:568 - Copy thirdparty index definitions from MX database
2023-05-31 23:34:03,774 [INFO] MainUpdater:587 - Copy default thirdparty db definitions from MX database
2023-05-31 23:34:05,494 [INFO] MainUpdater:2854 - connection check result : 10
2023-05-31 23:34:05,496 [INFO] MainUpdater:3548 - Updater definition file requires update
2023-05-31 23:34:05,501 [INFO] MainUpdater:283 - Updater Check For Update Now.
2023-05-31 23:34:05,504 [INFO] MicroXplorer:498 - Change Database Version : DB.6.0.80
2023-05-31 23:34:05,618 [WARN] MainUpdater:1187 - Updater busy. Cannot search thirdparties
2023-05-31 23:34:05,618 [INFO] ThirdPartyUpdaterWithRetryManager:96 - Updater plugin is busy. [1/15]
2023-05-31 23:34:05,921 [INFO] ServerAccessManage:473 - Download File updaters.zip
2023-05-31 23:34:07,922 [INFO] FileExtend:240 - Unzip File : updaters.zip
2023-05-31 23:34:07,922 [INFO] FileExtend:255 - Standard Zip Deflate
2023-05-31 23:34:08,632 [WARN] MainUpdater:1187 - Updater busy. Cannot search thirdparties
2023-05-31 23:34:08,633 [INFO] ThirdPartyUpdaterWithRetryManager:96 - Updater plugin is busy. [2/15]
2023-05-31 23:34:11,641 [WARN] MainUpdater:1187 - Updater busy. Cannot search thirdparties
2023-05-31 23:34:11,642 [INFO] ThirdPartyUpdaterWithRetryManager:96 - Updater plugin is busy. [3/15]
2023-05-31 23:34:14,644 [WARN] MainUpdater:1187 - Updater busy. Cannot search thirdparties
2023-05-31 23:34:14,645 [INFO] ThirdPartyUpdaterWithRetryManager:96 - Updater plugin is busy. [4/15]
2023-05-31 23:34:17,647 [WARN] MainUpdater:1187 - Updater busy. Cannot search thirdparties
2023-05-31 23:34:17,647 [INFO] ThirdPartyUpdaterWithRetryManager:96 - Updater plugin is busy. [5/15]
2023-05-31 23:34:20,658 [WARN] MainUpdater:1187 - Updater busy. Cannot search thirdparties
2023-05-31 23:34:20,659 [INFO] ThirdPartyUpdaterWithRetryManager:96 - Updater plugin is busy. [6/15]
2023-05-31 23:34:23,669 [WARN] MainUpdater:1187 - Updater busy. Cannot search thirdparties
2023-05-31 23:34:23,670 [INFO] ThirdPartyUpdaterWithRetryManager:96 - Updater plugin is busy. [7/15]
2023-05-31 23:34:26,290 [INFO] MainUpdater:2854 - connection check result : 10
2023-05-31 23:34:26,678 [WARN] MainUpdater:1187 - Updater busy. Cannot search thirdparties
2023-05-31 23:34:26,679 [INFO] ThirdPartyUpdaterWithRetryManager:96 - Updater plugin is busy. [8/15]
2023-05-31 23:34:28,205 [INFO] ServerAccessManage:473 - Download File PacksControlFlags.xml
2023-05-31 23:34:28,832 [INFO] ServerAccessManage:473 - Download File cubemx.pidx
2023-05-31 23:34:29,199 [INFO] ServerAccessManage:473 - Download File STMicroelectronics.FP-ATR-ASTRA1.pdsc
2023-05-31 23:34:29,690 [WARN] MainUpdater:1187 - Updater busy. Cannot search thirdparties
2023-05-31 23:34:29,691 [INFO] ThirdPartyUpdaterWithRetryManager:96 - Updater plugin is busy. [9/15]
2023-05-31 23:34:29,768 [INFO] ServerAccessManage:473 - Download File STMicroelectronics.FP-ATR-SIGFOX1.pdsc
2023-05-31 23:34:31,647 [INFO] ServerAccessManage:473 - Download File STMicroelectronics.FP-SNS-FLIGHT1.pdsc
2023-05-31 23:34:32,705 [WARN] MainUpdater:1187 - Updater busy. Cannot search thirdparties
2023-05-31 23:34:32,705 [INFO] ThirdPartyUpdaterWithRetryManager:96 - Updater plugin is busy. [10/15]
2023-05-31 23:34:33,063 [INFO] ServerAccessManage:473 - Download File STMicroelectronics.FP-SNS-MOTENV1.pdsc
2023-05-31 23:34:34,350 [INFO] ServerAccessManage:473 - Download File STMicroelectronics.X-CUBE-AI.pdsc
2023-05-31 23:34:35,720 [WARN] MainUpdater:1187 - Updater busy. Cannot search thirdparties
2023-05-31 23:34:35,721 [INFO] ThirdPartyUpdaterWithRetryManager:96 - Updater plugin is busy. [11/15]
2023-05-31 23:34:38,157 [INFO] ServerAccessManage:473 - Download File STMicroelectronics.X-CUBE-ALS.pdsc
2023-05-31 23:34:38,723 [WARN] MainUpdater:1187 - Updater busy. Cannot search thirdparties
2023-05-31 23:34:38,724 [INFO] ThirdPartyUpdaterWithRetryManager:96 - Updater plugin is busy. [12/15]
2023-05-31 23:34:39,299 [INFO] ServerAccessManage:473 - Download File STMicroelectronics.X-CUBE-BLE1.pdsc
2023-05-31 23:34:41,700 [ERROR] ServerAccessManage:1089 - Problem, file not found on Server
2023-05-31 23:34:41,732 [WARN] MainUpdater:1187 - Updater busy. Cannot search thirdparties
2023-05-31 23:34:41,733 [INFO] ThirdPartyUpdaterWithRetryManager:96 - Updater plugin is busy. [13/15]
2023-05-31 23:34:41,917 [INFO] ServerAccessManage:473 - Download File STMicroelectronics.X-CUBE-BLE2.pdsc
2023-05-31 23:34:44,734 [WARN] MainUpdater:1187 - Updater busy. Cannot search thirdparties
2023-05-31 23:34:44,735 [INFO] ThirdPartyUpdaterWithRetryManager:96 - Updater plugin is busy. [14/15]
2023-05-31 23:34:44,844 [INFO] ServerAccessManage:473 - Download File STMicroelectronics.X-CUBE-BLEMGR.pdsc
2023-05-31 23:34:46,125 [INFO] ServerAccessManage:473 - Download File STMicroelectronics.X-CUBE-DISPLAY.pdsc
2023-05-31 23:34:47,225 [INFO] ServerAccessManage:473 - Download File STMicroelectronics.X-CUBE-EEPRMA1.pdsc
2023-05-31 23:34:47,747 [WARN] MainUpdater:1187 - Updater busy. Cannot search thirdparties
2023-05-31 23:34:47,747 [INFO] ThirdPartyUpdaterWithRetryManager:96 - Updater plugin is busy. [15/15]
2023-05-31 23:34:47,749 [ERROR] IntegrityCheckThread:130 - Cannot retrieve database content from updater: error -1
2023-05-31 23:34:47,751 [INFO] ThirdParty:978 - Integrity check success = false
2023-05-31 23:34:47,751 [INFO] IntegrityCheckThread:100 - exiting critical section [integrity check]
2023-05-31 23:34:47,752 [INFO] IntegrityCheckThread:103 - End integrity checks thread
2023-05-31 23:34:48,389 [ERROR] ServerAccessManage:1089 - Problem, file not found on Server
2023-05-31 23:34:49,308 [INFO] ServerAccessManage:473 - Download File STMicroelectronics.X-CUBE-FREERTOS.pdsc
2023-05-31 23:34:51,024 [INFO] ServerAccessManage:473 - Download File STMicroelectronics.X-CUBE-GNSS1.pdsc
2023-05-31 23:34:51,866 [INFO] ApiDb:581 - Connected to CubeFinder SQLite database (C:\Users\tnc\.stmcufinder\plugins\mcufinder\mcu\cube-finder-db.db)
2023-05-31 23:34:52,014 [INFO] ApiDb:668 - CubeFinder database Data Model version=2.1
2023-05-31 23:34:52,017 [INFO] ApiDb:669 - CubeFinder database Configuration version=3.0.35
2023-05-31 23:34:52,018 [INFO] ApiDb:670 - CubeFinder database generation date=2023-02-21 (1676964986)
2023-05-31 23:34:52,019 [INFO] ApiDb:671 - CubeFinder database FW Pack versions=[FP-ATR-ASTRA1_V1.1.1, STM32Cube_FW_C0_V1.0.1, STM32Cube_FW_F0_V1.11.4, STM32Cube_FW_F3_V1.11.4, STM32Cube_FW_F4_V1.27.1, STM32Cube_FW_F7_V1.17.0, STM32Cube_FW_G0_V1.6.1, STM32Cube_FW_G4_V1.5.1, STM32Cube_FW_H5_V0.5.1, STM32Cube_FW_H5_V1.0.0, STM32Cube_FW_H7_V1.11.0, STM32Cube_FW_L0_V1.12.2, STM32Cube_FW_L5_V1.5.0, STM32Cube_FW_U5_V1.2.0, STM32Cube_FW_WBA_V1.0.0, STM32Cube_FW_WBA_V1.0.0RC1, STM32Cube_FW_WBA_V1.0.0RC3, STM32Cube_FW_WB_V1.15.0RC1, STM32Cube_FW_WB_V1.16.0, STM32Cube_FW_WB_V1.16.0RC2, STM32Cube_FW_WL_V1.3.0, X-CUBE-ALGOBUILD_V1.3.0, X-CUBE-ALS_V1.0.1, X-CUBE-AZRTOS-F4_V1.1.0, X-CUBE-AZRTOS-F7_V1.1.0, X-CUBE-AZRTOS-G0_V1.1.0, X-CUBE-AZRTOS-G4_V1.0.0, X-CUBE-AZRTOS-H7_V3.0.0, X-CUBE-AZRTOS-L4_V1.0.0, X-CUBE-AZRTOS-L5_V1.1.0, X-CUBE-AZRTOS-WB_V1.1.0, X-CUBE-AZRTOS-WL_V1.0.0, X-CUBE-BLE1_V6.2.4, X-CUBE-BLE2_V3.3.0, X-CUBE-BLEMGR_V1.3.0, X-CUBE-EEPRMA1_V4.1.0, X-CUBE-GNSS1_V6.0.0, X-CUBE-MEMS1_V9.1.0, X-CUBE-MEMS1_V9.4.0, X-CUBE-MEMS1_V9.5.0, X-CUBE-NFC4_V3.0.0, X-CUBE-NFC7_V1.0.0, X-CUBE-SFXS2LP1_V4.0.0, X-CUBE-SUBG2_V5.0.0]
2023-05-31 23:34:52,194 [INFO] DbBoardsSqlite:226 - include board P-NUCLEO-WB55-NUCLEO as a kit item of type 'Nucleo-64'
2023-05-31 23:34:52,195 [INFO] DbBoardsSqlite:226 - include board P-NUCLEO-WB55-USBDONGLE as a kit item of type 'Nucleo USB Dongle'
2023-05-31 23:34:52,196 [INFO] DbBoardsSqlite:226 - include board STEVAL-IDP005V1 as a kit item of type 'Evaluation Board'
2023-05-31 23:34:52,199 [INFO] DbBoardsSqlite:226 - include board STEVAL-IDP005V2 as a kit item of type 'Evaluation Board'
2023-05-31 23:34:52,293 [INFO] ApiDb:240 - Found 297 in-development CPN: [B-G473E-ZEST1S, B-WB1M-WPAN1, B-WL5M-SUBG1, NUCLEO-C031C6, NUCLEO-H503RB, NUCLEO-H563ZI, NUCLEO-U545RE-Q, NUCLEO-U5A5ZJ-Q, NUCLEO-WBA52CG, STEVAL-PROTEUS1, STEVAL-STWINBX1, STM320518-EVAL, STM32C0116-DK, STM32C011D6Y3TR, STM32C011D6Y6TR, STM32C011F4P3, STM32C011F4P6, STM32C011F4U3, STM32C011F4U6TR, STM32C011F6P3, STM32C011F6P6, STM32C011F6U3, STM32C011F6U6TR, STM32C011J4M3, STM32C011J4M6, STM32C011J6M3, STM32C011J6M6, STM32C0316-DK, STM32C031C4T3, STM32C031C4T6, STM32C031C4U3, STM32C031C4U6, STM32C031C6T3, STM32C031C6T6, STM32C031C6U3, STM32C031C6U6, STM32C031F4P3, STM32C031F4P6, STM32C031F6P3, STM32C031F6P6, STM32C031G4U3, STM32C031G4U6, STM32C031G6U3, STM32C031G6U6, STM32C031K4T3, STM32C031K4T6, STM32C031K4U3, STM32C031K4U6, STM32C031K6T3, STM32C031K6T6, STM32C031K6U3, STM32C031K6U6, STM32G071K8TXN, STM32G071K8UXN, STM32G081GBU6N, STM32G081KBT6N, STM32G081KBUXN, STM32G0B1CCT6N, STM32G0B1KCT6, STM32G0B1NEY6TR, STM32G0B1RCT6N, STM32G0C1CCT6, STM32G0C1CCT6N, STM32G0C1CCU6N, STM32G0C1CET6N, STM32G0C1CEU6N, STM32G0C1KCT6, STM32G0C1NEY6TR, STM32G0C1RCI6N, STM32G0C1RCT6N, STM32G0C1REI6N, STM32G0C1RET6N, STM32G0C1VCI6, STM32G0C1VEI6, STM32G471CCT6, STM32G471CCU6, STM32G471CET3, STM32G471CET6, STM32G471CEU3, STM32G471CEU6, STM32G471MCT6, STM32G471MET3, STM32G471MET6, STM32G471MEY6TR, STM32G471QCT6, STM32G471QET3, STM32G471RCT6, STM32G471RET3, STM32G471RET6, STM32G471VCH6, STM32G471VCI6, STM32G471VCT6, STM32G471VEH3, STM32G471VEH6, STM32G471VEI3, STM32G471VEI6, STM32G471VET3, STM32G471VET6, STM32G474CCT6, STM32H503CBT6, STM32H503CBU6, STM32H503EBY6TR, STM32H503KBU6, STM32H503RBT6, STM32H562AGI6, STM32H562AII6, STM32H562IGK6, STM32H562IGT6, STM32H562IIK6, STM32H562IIT6, STM32H562RGT6, STM32H562RGV6, STM32H562RIT6, STM32H562RIV6, STM32H562VGT6, STM32H562VIT6, STM32H562ZGT6, STM32H562ZIT6, STM32H563AGI6, STM32H563AII3Q, STM32H563AII6, STM32H563IGK6, STM32H563IGT6, STM32H563IIK3Q, STM32H563IIK6, STM32H563IIT3Q, STM32H563IIT6, STM32H563MIY3QTR, STM32H563RGT6, STM32H563RGV6, STM32H563RIT6, STM32H563RIV6, STM32H563VGT6, STM32H563VIT3Q, STM32H563VIT6, STM32H563ZGT6, STM32H563ZIT3Q, STM32H563ZIT6, STM32H573AII3Q, STM32H573AII6, STM32H573I-DK, STM32H573IIK3Q, STM32H573IIK6, STM32H573IIT3Q, STM32H573IIT6, STM32H573MIY3QTR, STM32H573RIT6, STM32H573RIV6, STM32H573VIT3Q, STM32H573VIT6, STM32H573ZIT3Q, STM32H573ZIT6, STM32L4R5QGI6STR, STM32MP131AAE3, STM32MP131AAF3, STM32MP131AAG3, STM32MP131CAE3, STM32MP131CAF3, STM32MP131CAG3, STM32MP131DAE7, STM32MP131DAF7, STM32MP131DAG7, STM32MP131FAE7, STM32MP131FAF7, STM32MP131FAG7, STM32MP133AAE3, STM32MP133AAF3, STM32MP133AAG3, STM32MP133CAE3, STM32MP133CAF3, STM32MP133CAG3, STM32MP133DAE7, STM32MP133DAF7, STM32MP133DAG7, STM32MP133FAE7, STM32MP133FAF7, STM32MP133FAG7, STM32MP135AAE3, STM32MP135AAF3, STM32MP135AAG3, STM32MP135CAE3, STM32MP135CAF3, STM32MP135CAG3, STM32MP135DAE7, STM32MP135DAF7, STM32MP135DAG7, STM32MP135F-DK, STM32MP135FAE7, STM32MP135FAF7, STM32MP135FAF7T, STM32MP135FAF7U, STM32MP135FAG7, STM32U535CBT6, STM32U535CBT6Q, STM32U535CBU6, STM32U535CBU6Q, STM32U535CCT6, STM32U535CCT6Q, STM32U535CCU6, STM32U535CCU6Q, STM32U535CET6, STM32U535CET6Q, STM32U535CEU6, STM32U535CEU6Q, STM32U535JEY6QTR, STM32U535NCY6QTR, STM32U535NEY6QTR, STM32U535RBI6, STM32U535RBI6Q, STM32U535RBT6, STM32U535RBT6Q, STM32U535RCI6, STM32U535RCI6Q, STM32U535RCT6, STM32U535RCT6Q, STM32U535REI6, STM32U535REI6Q, STM32U535RET6, STM32U535RET6Q, STM32U535VCI6, STM32U535VCI6Q, STM32U535VCT6, STM32U535VCT6Q, STM32U535VEI6, STM32U535VEI6Q, STM32U535VET6, STM32U535VET6Q, STM32U545CET6, STM32U545CET6Q, STM32U545CEU6, STM32U545CEU6Q, STM32U545JEY6QTR, STM32U545NEY6QTR, STM32U545REI6, STM32U545REI6Q, STM32U545RET6, STM32U545RET6Q, STM32U545VEI6, STM32U545VEI6Q, STM32U545VET6, STM32U545VET6Q, STM32U595AIH6, STM32U595AIH6Q, STM32U595AJH6, STM32U595AJH6Q, STM32U595QII6, STM32U595QII6Q, STM32U595QJI6, STM32U595QJI6Q, STM32U595RIT6, STM32U595RIT6Q, STM32U595RJT6, STM32U595RJT6Q, STM32U595VIT6, STM32U595VIT6Q, STM32U595VJT6, STM32U595VJT6Q, STM32U595ZIT6, STM32U595ZIT6Q, STM32U595ZIY6QTR, STM32U595ZJT6, STM32U595ZJT6Q, STM32U595ZJY6QTR, STM32U599BJY6QTR, STM32U599NIH6Q, STM32U599NJH6Q, STM32U599VIT6Q, STM32U599VJT6, STM32U599VJT6Q, STM32U599ZIT6Q, STM32U599ZIY6QTR, STM32U599ZJT6Q, STM32U599ZJY6QTR, STM32U5A5AJH6, STM32U5A5AJH6Q, STM32U5A5QJI6, STM32U5A5QJI6Q, STM32U5A5RJT6, STM32U5A5RJT6Q, STM32U5A5VJT6, STM32U5A5VJT6Q, STM32U5A5ZJT6, STM32U5A5ZJT6Q, STM32U5A5ZJY6QTR, STM32U5A9BJY6QTR, STM32U5A9J-DK, STM32U5A9NJH6Q, STM32U5A9VJT6Q, STM32U5A9ZJT6Q, STM32U5A9ZJY6QTR, STM32WB1MMCH6, STM32WBA52CEU6, STM32WBA52CEU6T, STM32WBA52CGU6, STM32WBA52CGU6T, STM32WL5MOCH6, STM32WL5MOCH6TR]
2023-05-31 23:34:52,619 [INFO] BoardInfo:880 - No configuration file found for board P-NUCLEO-WB55
2023-05-31 23:34:52,619 [INFO] DbBoards:157 - Kit is not supported: P-NUCLEO-WB55
2023-05-31 23:34:52,628 [INFO] BoardInfo:880 - No configuration file found for board STEVAL-BFA001V1B
2023-05-31 23:34:52,628 [INFO] DbBoards:157 - Kit is not supported: STEVAL-BFA001V1B
2023-05-31 23:34:52,630 [INFO] BoardInfo:880 - No configuration file found for board STEVAL-BFA001V2B
2023-05-31 23:34:52,631 [INFO] DbBoards:157 - Kit is not supported: STEVAL-BFA001V2B
2023-05-31 23:34:52,838 [INFO] DbBoards:161 - Found 187 boards, 184 are supported
2023-05-31 23:34:52,845 [INFO] ApiDb:668 - CubeFinder database Data Model version=2.1
2023-05-31 23:34:52,845 [INFO] ApiDb:669 - CubeFinder database Configuration version=3.0.35
2023-05-31 23:34:52,845 [INFO] ApiDb:670 - CubeFinder database generation date=2023-02-21 (1676964986)
2023-05-31 23:34:52,845 [INFO] ApiDb:671 - CubeFinder database FW Pack versions=[FP-ATR-ASTRA1_V1.1.1, STM32Cube_FW_C0_V1.0.1, STM32Cube_FW_F0_V1.11.4, STM32Cube_FW_F3_V1.11.4, STM32Cube_FW_F4_V1.27.1, STM32Cube_FW_F7_V1.17.0, STM32Cube_FW_G0_V1.6.1, STM32Cube_FW_G4_V1.5.1, STM32Cube_FW_H5_V0.5.1, STM32Cube_FW_H5_V1.0.0, STM32Cube_FW_H7_V1.11.0, STM32Cube_FW_L0_V1.12.2, STM32Cube_FW_L5_V1.5.0, STM32Cube_FW_U5_V1.2.0, STM32Cube_FW_WBA_V1.0.0, STM32Cube_FW_WBA_V1.0.0RC1, STM32Cube_FW_WBA_V1.0.0RC3, STM32Cube_FW_WB_V1.15.0RC1, STM32Cube_FW_WB_V1.16.0, STM32Cube_FW_WB_V1.16.0RC2, STM32Cube_FW_WL_V1.3.0, X-CUBE-ALGOBUILD_V1.3.0, X-CUBE-ALS_V1.0.1, X-CUBE-AZRTOS-F4_V1.1.0, X-CUBE-AZRTOS-F7_V1.1.0, X-CUBE-AZRTOS-G0_V1.1.0, X-CUBE-AZRTOS-G4_V1.0.0, X-CUBE-AZRTOS-H7_V3.0.0, X-CUBE-AZRTOS-L4_V1.0.0, X-CUBE-AZRTOS-L5_V1.1.0, X-CUBE-AZRTOS-WB_V1.1.0, X-CUBE-AZRTOS-WL_V1.0.0, X-CUBE-BLE1_V6.2.4, X-CUBE-BLE2_V3.3.0, X-CUBE-BLEMGR_V1.3.0, X-CUBE-EEPRMA1_V4.1.0, X-CUBE-GNSS1_V6.0.0, X-CUBE-MEMS1_V9.1.0, X-CUBE-MEMS1_V9.4.0, X-CUBE-MEMS1_V9.5.0, X-CUBE-NFC4_V3.0.0, X-CUBE-NFC7_V1.0.0, X-CUBE-SFXS2LP1_V4.0.0, X-CUBE-SUBG2_V5.0.0]
2023-05-31 23:34:55,459 [ERROR] ServerAccessManage:1089 - Problem, file not found on Server
2023-05-31 23:34:55,659 [INFO] ApiDb:240 - Found 297 in-development CPN: [B-G473E-ZEST1S, B-WB1M-WPAN1, B-WL5M-SUBG1, NUCLEO-C031C6, NUCLEO-H503RB, NUCLEO-H563ZI, NUCLEO-U545RE-Q, NUCLEO-U5A5ZJ-Q, NUCLEO-WBA52CG, STEVAL-PROTEUS1, STEVAL-STWINBX1, STM320518-EVAL, STM32C0116-DK, STM32C011D6Y3TR, STM32C011D6Y6TR, STM32C011F4P3, STM32C011F4P6, STM32C011F4U3, STM32C011F4U6TR, STM32C011F6P3, STM32C011F6P6, STM32C011F6U3, STM32C011F6U6TR, STM32C011J4M3, STM32C011J4M6, STM32C011J6M3, STM32C011J6M6, STM32C0316-DK, STM32C031C4T3, STM32C031C4T6, STM32C031C4U3, STM32C031C4U6, STM32C031C6T3, STM32C031C6T6, STM32C031C6U3, STM32C031C6U6, STM32C031F4P3, STM32C031F4P6, STM32C031F6P3, STM32C031F6P6, STM32C031G4U3, STM32C031G4U6, STM32C031G6U3, STM32C031G6U6, STM32C031K4T3, STM32C031K4T6, STM32C031K4U3, STM32C031K4U6, STM32C031K6T3, STM32C031K6T6, STM32C031K6U3, STM32C031K6U6, STM32G071K8TXN, STM32G071K8UXN, STM32G081GBU6N, STM32G081KBT6N, STM32G081KBUXN, STM32G0B1CCT6N, STM32G0B1KCT6, STM32G0B1NEY6TR, STM32G0B1RCT6N, STM32G0C1CCT6, STM32G0C1CCT6N, STM32G0C1CCU6N, STM32G0C1CET6N, STM32G0C1CEU6N, STM32G0C1KCT6, STM32G0C1NEY6TR, STM32G0C1RCI6N, STM32G0C1RCT6N, STM32G0C1REI6N, STM32G0C1RET6N, STM32G0C1VCI6, STM32G0C1VEI6, STM32G471CCT6, STM32G471CCU6, STM32G471CET3, STM32G471CET6, STM32G471CEU3, STM32G471CEU6, STM32G471MCT6, STM32G471MET3, STM32G471MET6, STM32G471MEY6TR, STM32G471QCT6, STM32G471QET3, STM32G471RCT6, STM32G471RET3, STM32G471RET6, STM32G471VCH6, STM32G471VCI6, STM32G471VCT6, STM32G471VEH3, STM32G471VEH6, STM32G471VEI3, STM32G471VEI6, STM32G471VET3, STM32G471VET6, STM32G474CCT6, STM32H503CBT6, STM32H503CBU6, STM32H503EBY6TR, STM32H503KBU6, STM32H503RBT6, STM32H562AGI6, STM32H562AII6, STM32H562IGK6, STM32H562IGT6, STM32H562IIK6, STM32H562IIT6, STM32H562RGT6, STM32H562RGV6, STM32H562RIT6, STM32H562RIV6, STM32H562VGT6, STM32H562VIT6, STM32H562ZGT6, STM32H562ZIT6, STM32H563AGI6, STM32H563AII3Q, STM32H563AII6, STM32H563IGK6, STM32H563IGT6, STM32H563IIK3Q, STM32H563IIK6, STM32H563IIT3Q, STM32H563IIT6, STM32H563MIY3QTR, STM32H563RGT6, STM32H563RGV6, STM32H563RIT6, STM32H563RIV6, STM32H563VGT6, STM32H563VIT3Q, STM32H563VIT6, STM32H563ZGT6, STM32H563ZIT3Q, STM32H563ZIT6, STM32H573AII3Q, STM32H573AII6, STM32H573I-DK, STM32H573IIK3Q, STM32H573IIK6, STM32H573IIT3Q, STM32H573IIT6, STM32H573MIY3QTR, STM32H573RIT6, STM32H573RIV6, STM32H573VIT3Q, STM32H573VIT6, STM32H573ZIT3Q, STM32H573ZIT6, STM32L4R5QGI6STR, STM32MP131AAE3, STM32MP131AAF3, STM32MP131AAG3, STM32MP131CAE3, STM32MP131CAF3, STM32MP131CAG3, STM32MP131DAE7, STM32MP131DAF7, STM32MP131DAG7, STM32MP131FAE7, STM32MP131FAF7, STM32MP131FAG7, STM32MP133AAE3, STM32MP133AAF3, STM32MP133AAG3, STM32MP133CAE3, STM32MP133CAF3, STM32MP133CAG3, STM32MP133DAE7, STM32MP133DAF7, STM32MP133DAG7, STM32MP133FAE7, STM32MP133FAF7, STM32MP133FAG7, STM32MP135AAE3, STM32MP135AAF3, STM32MP135AAG3, STM32MP135CAE3, STM32MP135CAF3, STM32MP135CAG3, STM32MP135DAE7, STM32MP135DAF7, STM32MP135DAG7, STM32MP135F-DK, STM32MP135FAE7, STM32MP135FAF7, STM32MP135FAF7T, STM32MP135FAF7U, STM32MP135FAG7, STM32U535CBT6, STM32U535CBT6Q, STM32U535CBU6, STM32U535CBU6Q, STM32U535CCT6, STM32U535CCT6Q, STM32U535CCU6, STM32U535CCU6Q, STM32U535CET6, STM32U535CET6Q, STM32U535CEU6, STM32U535CEU6Q, STM32U535JEY6QTR, STM32U535NCY6QTR, STM32U535NEY6QTR, STM32U535RBI6, STM32U535RBI6Q, STM32U535RBT6, STM32U535RBT6Q, STM32U535RCI6, STM32U535RCI6Q, STM32U535RCT6, STM32U535RCT6Q, STM32U535REI6, STM32U535REI6Q, STM32U535RET6, STM32U535RET6Q, STM32U535VCI6, STM32U535VCI6Q, STM32U535VCT6, STM32U535VCT6Q, STM32U535VEI6, STM32U535VEI6Q, STM32U535VET6, STM32U535VET6Q, STM32U545CET6, STM32U545CET6Q, STM32U545CEU6, STM32U545CEU6Q, STM32U545JEY6QTR, STM32U545NEY6QTR, STM32U545REI6, STM32U545REI6Q, STM32U545RET6, STM32U545RET6Q, STM32U545VEI6, STM32U545VEI6Q, STM32U545VET6, STM32U545VET6Q, STM32U595AIH6, STM32U595AIH6Q, STM32U595AJH6, STM32U595AJH6Q, STM32U595QII6, STM32U595QII6Q, STM32U595QJI6, STM32U595QJI6Q, STM32U595RIT6, STM32U595RIT6Q, STM32U595RJT6, STM32U595RJT6Q, STM32U595VIT6, STM32U595VIT6Q, STM32U595VJT6, STM32U595VJT6Q, STM32U595ZIT6, STM32U595ZIT6Q, STM32U595ZIY6QTR, STM32U595ZJT6, STM32U595ZJT6Q, STM32U595ZJY6QTR, STM32U599BJY6QTR, STM32U599NIH6Q, STM32U599NJH6Q, STM32U599VIT6Q, STM32U599VJT6, STM32U599VJT6Q, STM32U599ZIT6Q, STM32U599ZIY6QTR, STM32U599ZJT6Q, STM32U599ZJY6QTR, STM32U5A5AJH6, STM32U5A5AJH6Q, STM32U5A5QJI6, STM32U5A5QJI6Q, STM32U5A5RJT6, STM32U5A5RJT6Q, STM32U5A5VJT6, STM32U5A5VJT6Q, STM32U5A5ZJT6, STM32U5A5ZJT6Q, STM32U5A5ZJY6QTR, STM32U5A9BJY6QTR, STM32U5A9J-DK, STM32U5A9NJH6Q, STM32U5A9VJT6Q, STM32U5A9ZJT6Q, STM32U5A9ZJY6QTR, STM32WB1MMCH6, STM32WBA52CEU6, STM32WBA52CEU6T, STM32WBA52CGU6, STM32WBA52CGU6T, STM32WL5MOCH6, STM32WL5MOCH6TR]
2023-05-31 23:34:55,666 [INFO] DbMcus:216 - Found 3772 MCUs, 3772 are supported
2023-05-31 23:34:55,667 [INFO] ApiDb:414 - User favorites file not found: C:\Users\tnc/.stm32cubeide/favorites.mcus.txt
2023-05-31 23:34:55,668 [INFO] DbMcus:222 - Set 0 / 0 favorites MCUs
2023-05-31 23:34:55,749 [ERROR] ServerAccessManage:1089 - Problem, file not found on Server
2023-05-31 23:34:56,081 [ERROR] ServerAccessManage:1089 - Problem, file not found on Server
2023-05-31 23:34:56,154 [INFO] ApiDb:414 - User favorites file not found: C:\Users\tnc/.stm32cubeide/favorites.boards.txt
2023-05-31 23:34:56,154 [INFO] DbBoards:190 - Set 0 / 0 favorites Boards
2023-05-31 23:34:56,154 [INFO] McuFinderGlobals:66 - Set McuFinderConnectedMode to true
2023-05-31 23:34:56,164 [INFO] MultiScanPanel:200 - Auto-refresh data requested => check proxy status ongoing
2023-05-31 23:34:56,169 [INFO] FinderPluginLoader:95 - Searching for filters in installed packs
2023-05-31 23:34:56,364 [ERROR] ServerAccessManage:1089 - Problem, file not found on Server
2023-05-31 23:34:56,713 [ERROR] ServerAccessManage:1089 - Problem, file not found on Server
2023-05-31 23:34:57,095 [ERROR] ServerAccessManage:1089 - Problem, file not found on Server
2023-05-31 23:34:57,523 [INFO] ServerAccessManage:473 - Download File STMicroelectronics.X-CUBE-ISPU.pdsc
2023-05-31 23:34:59,117 [ERROR] WebUtils:388 - Updater is busy
2023-05-31 23:34:59,117 [WARN] DetailPanel:346 - Failed to get advertising image, set to default
2023-05-31 23:34:59,349 [INFO] ServerAccessManage:473 - Download File STMicroelectronics.X-CUBE-MEMS1.pdsc
2023-05-31 23:35:14,172 [INFO] ServerAccessManage:473 - Download File STMicroelectronics.X-CUBE-NFC4.pdsc
2023-05-31 23:35:15,922 [INFO] ServerAccessManage:473 - Download File STMicroelectronics.X-CUBE-NFC7.pdsc
2023-05-31 23:35:16,794 [INFO] ServerAccessManage:473 - Download File STMicroelectronics.X-CUBE-SFXS2LP1.pdsc
2023-05-31 23:35:18,749 [INFO] ServerAccessManage:473 - Download File STMicroelectronics.X-CUBE-SUBG2.pdsc
2023-05-31 23:35:22,984 [INFO] ServerAccessManage:473 - Download File STMicroelectronics.X-CUBE-SMBUS.pdsc
2023-05-31 23:35:23,501 [ERROR] ServerAccessManage:1089 - Problem, file not found on Server
2023-05-31 23:35:23,600 [INFO] ServerAccessManage:473 - Download File STMicroelectronics.X-CUBE-TOF1.pdsc
2023-05-31 23:35:25,803 [ERROR] ServerAccessManage:1089 - Problem, file not found on Server
2023-05-31 23:35:25,972 [INFO] ServerAccessManage:473 - Download File STMicroelectronics.X-CUBE-TOUCHGFX.pdsc
2023-05-31 23:35:28,624 [INFO] ServerAccessManage:473 - Download File STMicroelectronics.X-CUBE-ALGOBUILD.pdsc
2023-05-31 23:35:30,377 [INFO] ServerAccessManage:473 - Download File STMicroelectronics.X-CUBE-AZRTOS-H7.pdsc
2023-05-31 23:35:35,036 [INFO] ServerAccessManage:473 - Download File STMicroelectronics.X-CUBE-AZRTOS-F4.pdsc
2023-05-31 23:35:38,996 [INFO] ServerAccessManage:473 - Download File STMicroelectronics.X-CUBE-AZRTOS-F7.pdsc
2023-05-31 23:35:43,357 [INFO] ServerAccessManage:473 - Download File STMicroelectronics.X-CUBE-AZRTOS-L4.pdsc
2023-05-31 23:35:46,081 [INFO] ServerAccessManage:473 - Download File STMicroelectronics.X-CUBE-AZRTOS-L5.pdsc
2023-05-31 23:35:48,323 [INFO] ServerAccessManage:473 - Download File STMicroelectronics.X-CUBE-AZRTOS-G0.pdsc
2023-05-31 23:35:51,451 [INFO] ServerAccessManage:473 - Download File STMicroelectronics.X-CUBE-AZRTOS-G4.pdsc
2023-05-31 23:35:53,377 [INFO] ServerAccessManage:473 - Download File STMicroelectronics.X-CUBE-AZRTOS-WB.pdsc
2023-05-31 23:35:54,711 [INFO] ServerAccessManage:473 - Download File STMicroelectronics.X-CUBE-AZRTOS-WL.pdsc
2023-05-31 23:35:55,975 [ERROR] ServerAccessManage:1089 - Problem, file not found on Server
2023-05-31 23:35:57,155 [INFO] ServerAccessManage:473 - Download File wolfSSL.I-CUBE-wolfSSL.pdsc
2023-05-31 23:36:02,650 [INFO] MetaSearchPanel:329 - Expand all filters sections
2023-05-31 23:36:03,588 [INFO] MetaSearchPanel:329 - Expand all filters sections
2023-05-31 23:36:03,738 [ERROR] ServerAccessManage:1089 - Problem, file not found on Server
2023-05-31 23:36:04,406 [ERROR] ServerAccessManage:1089 - Problem, file not found on Server
2023-05-31 23:36:04,431 [INFO] MetaSearchPanel:329 - Collapse all filters sections
2023-05-31 23:36:05,083 [ERROR] ServerAccessManage:1089 - Problem, file not found on Server
2023-05-31 23:36:05,214 [INFO] MetaSearchPanel:329 - Collapse all filters sections
2023-05-31 23:36:05,966 [ERROR] ServerAccessManage:1096 - Problem, Http access forbiden
2023-05-31 23:36:05,967 [ERROR] ServerAccessManage:651 - Problem, Http access forbiden : RoweBots.I-CUBE-UNISONRTOS.pdsc.
2023-05-31 23:36:06,618 [INFO] ServerAccessManage:473 - Download File SEGGER.I-CUBE-embOS.pdsc
2023-05-31 23:36:08,323 [INFO] ServerAccessManage:473 - Download File portGmbH.I-Cube-SoM-uGOAL.pdsc
2023-05-31 23:36:09,238 [ERROR] ServerAccessManage:1089 - Problem, file not found on Server
2023-05-31 23:36:09,340 [ERROR] ServerAccessManage:1089 - Problem, file not found on Server
2023-05-31 23:36:09,419 [ERROR] ServerAccessManage:1089 - Problem, file not found on Server
2023-05-31 23:36:09,945 [INFO] ServerAccessManage:473 - Download File emotas.I-CUBE-CANOPEN.pdsc
2023-05-31 23:36:11,989 [INFO] ServerAccessManage:473 - Download File WES.I-CUBE-Cesium.pdsc
2023-05-31 23:36:14,818 [ERROR] ServerAccessManage:1089 - Problem, file not found on Server
2023-05-31 23:36:15,743 [ERROR] ServerAccessManage:1089 - Problem, file not found on Server
2023-05-31 23:36:15,962 [WARN] CheckServerUpdateThread:151 - Open CheckUpdateFile Fail
2023-05-31 23:36:16,052 [WARN] PackLoader:240 - Cannot read IP mode file for STMicroelectronics.FP-ATR-ASTRA1.2.0.0
2023-05-31 23:36:16,063 [WARN] PackLoader:240 - Cannot read IP mode file for STMicroelectronics.FP-ATR-SIGFOX1.3.2.0
2023-05-31 23:36:16,099 [WARN] PackLoader:240 - Cannot read IP mode file for STMicroelectronics.FP-SNS-FLIGHT1.5.0.1
2023-05-31 23:36:16,146 [ERROR] RealEvaluatedCondition:428 - Found unsupported composite condition: CLASS='Data Exchange' GROUP='STM32_MetaDataManager'
2023-05-31 23:36:16,146 [ERROR] RealEvaluatedCondition:428 - Found unsupported composite condition: GROUP='STM32_MetaDataManager' CLASS='Data Exchange'
2023-05-31 23:36:16,149 [WARN] PackLoader:240 - Cannot read IP mode file for STMicroelectronics.FP-SNS-MOTENV1.4.3.1
2023-05-31 23:36:16,161 [INFO] CheckServerUpdateThread:120 - End of CheckServer Thread
2023-05-31 23:36:16,191 [WARN] PackLoader:240 - Cannot read IP mode file for STMicroelectronics.X-CUBE-AI.8.0.1
2023-05-31 23:36:16,245 [WARN] PackLoader:240 - Cannot read IP mode file for STMicroelectronics.X-CUBE-ALS.1.0.1
2023-05-31 23:36:16,314 [WARN] PackLoader:240 - Cannot read IP mode file for STMicroelectronics.X-CUBE-BLE1.6.2.4
2023-05-31 23:36:16,322 [WARN] PackLoader:240 - Cannot read IP mode file for STMicroelectronics.X-CUBE-BLE2.3.3.0
2023-05-31 23:36:16,347 [WARN] PackLoader:240 - Cannot read IP mode file for STMicroelectronics.X-CUBE-BLEMGR.2.0.0
2023-05-31 23:36:16,398 [WARN] PackLoader:240 - Cannot read IP mode file for STMicroelectronics.X-CUBE-DISPLAY.3.0.0
2023-05-31 23:36:16,421 [WARN] PackLoader:240 - Cannot read IP mode file for STMicroelectronics.X-CUBE-EEPRMA1.4.1.0
2023-05-31 23:36:16,432 [WARN] PackLoader:240 - Cannot read IP mode file for STMicroelectronics.X-CUBE-FREERTOS.1.0.1
2023-05-31 23:36:16,441 [WARN] PackLoader:240 - Cannot read IP mode file for STMicroelectronics.X-CUBE-GNSS1.6.0.0
2023-05-31 23:36:16,448 [WARN] PackLoader:240 - Cannot read IP mode file for STMicroelectronics.X-CUBE-ISPU.1.1.0
2023-05-31 23:36:16,620 [WARN] PackLoader:240 - Cannot read IP mode file for STMicroelectronics.X-CUBE-MEMS1.9.6.0
2023-05-31 23:36:17,129 [WARN] PackLoader:240 - Cannot read IP mode file for STMicroelectronics.X-CUBE-NFC4.3.0.0
2023-05-31 23:36:17,143 [WARN] PackLoader:240 - Cannot read IP mode file for STMicroelectronics.X-CUBE-NFC7.1.0.0
2023-05-31 23:36:17,154 [WARN] PackLoader:240 - Cannot read IP mode file for STMicroelectronics.X-CUBE-SFXS2LP1.4.0.0
2023-05-31 23:36:17,180 [WARN] PackLoader:240 - Cannot read IP mode file for STMicroelectronics.X-CUBE-SUBG2.5.0.0
2023-05-31 23:36:17,193 [WARN] PackLoader:240 - Cannot read IP mode file for STMicroelectronics.X-CUBE-SMBUS.2.1.0
2023-05-31 23:36:17,299 [WARN] PackLoader:240 - Cannot read IP mode file for STMicroelectronics.X-CUBE-TOF1.3.3.0
2023-05-31 23:36:17,322 [WARN] PackLoader:240 - Cannot read IP mode file for STMicroelectronics.X-CUBE-TOUCHGFX.4.21.4
2023-05-31 23:36:17,339 [WARN] PackLoader:240 - Cannot read IP mode file for STMicroelectronics.X-CUBE-ALGOBUILD.1.3.0
2023-05-31 23:36:17,367 [WARN] ConditionMgr:438 - getConditionDescription Invalid condition id : UX DEVICE CLASS RTOS Condition cause : null
2023-05-31 23:36:17,368 [WARN] ConditionMgr:438 - getConditionDescription Invalid condition id : UX DEVICE CLASS RTOS Condition cause : null
2023-05-31 23:36:17,374 [WARN] PackLoader:240 - Cannot read IP mode file for STMicroelectronics.X-CUBE-AZRTOS-H7.3.1.0
2023-05-31 23:36:17,375 [WARN] ConditionMgr:1039 - genDependencies : Invalid condition id : UX DEVICE CLASS RTOS Condition cause : null
2023-05-31 23:36:17,376 [WARN] ConditionMgr:1039 - genDependencies : Invalid condition id : UX DEVICE CLASS RTOS Condition cause : null
2023-05-31 23:36:17,376 [WARN] ConditionMgr:1039 - genDependencies : Invalid condition id : UX DEVICE CLASS RTOS Condition cause : null
2023-05-31 23:36:17,377 [WARN] ConditionMgr:1039 - genDependencies : Invalid condition id : UX DEVICE CLASS RTOS Condition cause : null
2023-05-31 23:36:17,377 [WARN] ConditionMgr:1039 - genDependencies : Invalid condition id : UX DEVICE CLASS RTOS Condition cause : null
2023-05-31 23:36:17,422 [WARN] PackLoader:240 - Cannot read IP mode file for STMicroelectronics.X-CUBE-AZRTOS-F4.1.1.0
2023-05-31 23:36:17,469 [WARN] PackLoader:240 - Cannot read IP mode file for STMicroelectronics.X-CUBE-AZRTOS-F7.1.1.0
2023-05-31 23:36:17,498 [WARN] ConditionMgr:438 - getConditionDescription Invalid condition id : LAN8742 Phy interface Condition cause : null
2023-05-31 23:36:17,499 [WARN] PackLoader:240 - Cannot read IP mode file for STMicroelectronics.X-CUBE-AZRTOS-L4.2.0.0
2023-05-31 23:36:17,501 [WARN] ConditionMgr:1039 - genDependencies : Invalid condition id : LAN8742 Phy interface Condition cause : null
2023-05-31 23:36:17,501 [WARN] ConditionMgr:1039 - genDependencies : Invalid condition id : LAN8742 Phy interface Condition cause : null
2023-05-31 23:36:17,502 [WARN] ConditionMgr:1039 - genDependencies : Invalid condition id : LAN8742 Phy interface Condition cause : null
2023-05-31 23:36:17,536 [WARN] PackLoader:240 - Cannot read IP mode file for STMicroelectronics.X-CUBE-AZRTOS-L5.1.1.0
2023-05-31 23:36:17,585 [WARN] PackLoader:240 - Cannot read IP mode file for STMicroelectronics.X-CUBE-AZRTOS-G0.1.1.0
2023-05-31 23:36:17,638 [WARN] PackLoader:240 - Cannot read IP mode file for STMicroelectronics.X-CUBE-AZRTOS-G4.2.0.0
2023-05-31 23:36:17,659 [WARN] PackLoader:240 - Cannot read IP mode file for STMicroelectronics.X-CUBE-AZRTOS-WB.1.1.0
2023-05-31 23:36:17,676 [INFO] LogOutputStream:77 - [STDOUT_REDIRECT] 1 : Invalid condition id : UX_CORESTACK_Condition cause : null
2023-05-31 23:36:17,677 [INFO] LogOutputStream:77 - [STDOUT_REDIRECT] 1 : Invalid condition id : UX_CORESTACK_Condition cause : null
2023-05-31 23:36:17,680 [INFO] LogOutputStream:77 - [STDOUT_REDIRECT] 1 : Invalid condition id : UX_CORESTACK_Condition cause : null
2023-05-31 23:36:17,685 [INFO] LogOutputStream:77 - [STDOUT_REDIRECT] 1 : Invalid condition id : UX_CORESTACK_Condition cause : null
2023-05-31 23:36:17,688 [INFO] LogOutputStream:77 - [STDOUT_REDIRECT] 1 : Invalid condition id : UX_CORESTACK_Condition cause : null
2023-05-31 23:36:17,694 [WARN] PackLoader:240 - Cannot read IP mode file for STMicroelectronics.X-CUBE-AZRTOS-WL.2.0.0
2023-05-31 23:36:17,731 [WARN] PackLoader:240 - Cannot read IP mode file for wolfSSL.I-CUBE-wolfSSL.5.6.0
2023-05-31 23:36:17,803 [WARN] PackLoader:240 - Cannot read IP mode file for SEGGER.I-CUBE-embOS.1.3.1
2023-05-31 23:36:17,887 [WARN] PackLoader:240 - Cannot read IP mode file for portGmbH.I-Cube-SoM-uGOAL.1.1.0
2023-05-31 23:36:17,897 [WARN] PackLoader:240 - Cannot read IP mode file for emotas.I-CUBE-CANOPEN.1.1.3
2023-05-31 23:36:17,948 [WARN] PackLoader:240 - Cannot read IP mode file for WES.I-CUBE-Cesium.1.3.0
2023-05-31 23:36:17,949 [INFO] PopulateThirdPartyThread:66 - Ending populate Thread
2023-05-31 23:36:17,955 [INFO] ThirdParty:1030 - CMSIS Pack Vendor :STMicroelectronics X-CUBE-ISPU 1.1.0
2023-05-31 23:36:17,955 [INFO] ThirdParty:1030 - CMSIS Pack Vendor :STMicroelectronics X-CUBE-DISPLAY 3.0.0
2023-05-31 23:36:17,955 [INFO] ThirdParty:1030 - CMSIS Pack Vendor :STMicroelectronics X-CUBE-GNSS1 6.0.0
2023-05-31 23:36:17,955 [INFO] ThirdParty:1030 - CMSIS Pack Vendor :STMicroelectronics X-CUBE-AZRTOS-F4 1.1.0
2023-05-31 23:36:17,955 [INFO] ThirdParty:1030 - CMSIS Pack Vendor :STMicroelectronics FP-ATR-SIGFOX1 3.2.0
2023-05-31 23:36:17,955 [INFO] ThirdParty:1030 - CMSIS Pack Vendor :STMicroelectronics X-CUBE-SMBUS 2.1.0
2023-05-31 23:36:17,955 [INFO] ThirdParty:1030 - CMSIS Pack Vendor :wolfSSL I-CUBE-wolfSSL 5.6.0
2023-05-31 23:36:17,955 [INFO] ThirdParty:1030 - CMSIS Pack Vendor :STMicroelectronics X-CUBE-FREERTOS 1.0.1
2023-05-31 23:36:17,956 [INFO] ThirdParty:1030 - CMSIS Pack Vendor :STMicroelectronics X-CUBE-NFC7 1.0.0
2023-05-31 23:36:17,956 [INFO] ThirdParty:1030 - CMSIS Pack Vendor :STMicroelectronics X-CUBE-TOUCHGFX 4.21.4
2023-05-31 23:36:17,956 [INFO] ThirdParty:1030 - CMSIS Pack Vendor :STMicroelectronics X-CUBE-AZRTOS-F7 1.1.0
2023-05-31 23:36:17,956 [INFO] ThirdParty:1030 - CMSIS Pack Vendor :STMicroelectronics X-CUBE-ALS 1.0.1
2023-05-31 23:36:17,956 [INFO] ThirdParty:1030 - CMSIS Pack Vendor :STMicroelectronics X-CUBE-EEPRMA1 4.1.0
2023-05-31 23:36:17,956 [INFO] ThirdParty:1030 - CMSIS Pack Vendor :portGmbH I-Cube-SoM-uGOAL 1.1.0
2023-05-31 23:36:17,956 [INFO] ThirdParty:1030 - CMSIS Pack Vendor :STMicroelectronics X-CUBE-MEMS1 9.6.0
2023-05-31 23:36:17,956 [INFO] ThirdParty:1030 - CMSIS Pack Vendor :STMicroelectronics X-CUBE-AZRTOS-WB 1.1.0
2023-05-31 23:36:17,956 [INFO] ThirdParty:1030 - CMSIS Pack Vendor :STMicroelectronics FP-SNS-FLIGHT1 5.0.1
2023-05-31 23:36:17,956 [INFO] ThirdParty:1030 - CMSIS Pack Vendor :STMicroelectronics FP-SNS-MOTENV1 4.3.1
2023-05-31 23:36:17,957 [INFO] ThirdParty:1030 - CMSIS Pack Vendor :STMicroelectronics X-CUBE-ALGOBUILD 1.3.0
2023-05-31 23:36:17,957 [INFO] ThirdParty:1030 - CMSIS Pack Vendor :STMicroelectronics X-CUBE-AZRTOS-WL 2.0.0
2023-05-31 23:36:17,957 [INFO] ThirdParty:1030 - CMSIS Pack Vendor :SEGGER I-CUBE-embOS 1.3.1
2023-05-31 23:36:17,957 [INFO] ThirdParty:1030 - CMSIS Pack Vendor :STMicroelectronics X-CUBE-BLE1 6.2.4
2023-05-31 23:36:17,957 [INFO] ThirdParty:1030 - CMSIS Pack Vendor :STMicroelectronics X-CUBE-AZRTOS-L5 1.1.0
2023-05-31 23:36:17,957 [INFO] ThirdParty:1030 - CMSIS Pack Vendor :STMicroelectronics X-CUBE-AZRTOS-G0 1.1.0
2023-05-31 23:36:17,957 [INFO] ThirdParty:1030 - CMSIS Pack Vendor :emotas I-CUBE-CANOPEN 1.1.3
2023-05-31 23:36:17,957 [INFO] ThirdParty:1030 - CMSIS Pack Vendor :STMicroelectronics X-CUBE-AI 8.0.1
2023-05-31 23:36:17,957 [INFO] ThirdParty:1030 - CMSIS Pack Vendor :STMicroelectronics X-CUBE-BLEMGR 2.0.0
2023-05-31 23:36:17,957 [INFO] ThirdParty:1030 - CMSIS Pack Vendor :STMicroelectronics X-CUBE-NFC4 3.0.0
2023-05-31 23:36:17,957 [INFO] ThirdParty:1030 - CMSIS Pack Vendor :STMicroelectronics X-CUBE-SUBG2 5.0.0
2023-05-31 23:36:17,958 [INFO] ThirdParty:1030 - CMSIS Pack Vendor :STMicroelectronics X-CUBE-AZRTOS-L4 2.0.0
2023-05-31 23:36:17,958 [INFO] ThirdParty:1030 - CMSIS Pack Vendor :STMicroelectronics FP-ATR-ASTRA1 2.0.0
2023-05-31 23:36:17,958 [INFO] ThirdParty:1030 - CMSIS Pack Vendor :WES I-CUBE-Cesium 1.3.0
2023-05-31 23:36:17,958 [INFO] ThirdParty:1030 - CMSIS Pack Vendor :STMicroelectronics X-CUBE-SFXS2LP1 4.0.0
2023-05-31 23:36:17,958 [INFO] ThirdParty:1030 - CMSIS Pack Vendor :STMicroelectronics X-CUBE-BLE2 3.3.0
2023-05-31 23:36:17,958 [INFO] ThirdParty:1030 - CMSIS Pack Vendor :STMicroelectronics X-CUBE-AZRTOS-G4 2.0.0
2023-05-31 23:36:17,958 [INFO] ThirdParty:1030 - CMSIS Pack Vendor :STMicroelectronics X-CUBE-TOF1 3.3.0
2023-05-31 23:36:17,958 [INFO] ThirdParty:1030 - CMSIS Pack Vendor :STMicroelectronics X-CUBE-AZRTOS-H7 3.1.0
2023-05-31 23:36:17,959 [INFO] LoadServerUpdatesThread:373 - End of LoadServerUpdate Thread
2023-05-31 23:39:06,362 [INFO] MultiScanPanel:200 - Auto-refresh data requested => check proxy status ongoing
2023-05-31 23:39:07,326 [INFO] ServerAccessManage:473 - Download File 
2023-05-31 23:39:07,508 [INFO] LoadUrlFilesThread:185 - End of LoadServerUrlFiles without Thread
2023-05-31 23:39:07,995 [INFO] DetailPanel:341 - Set advertising image to C:/Users/tnc/STM32Cube/Repository/\en.Prom_NBSTM32U50921.jpg
2023-05-31 23:41:29,990 [INFO] MultiScanPanel:200 - Auto-refresh data requested => check proxy status ongoing
2023-05-31 23:41:30,000 [INFO] ApiDb:668 - CubeFinder database Data Model version=2.1
2023-05-31 23:41:30,000 [INFO] ApiDb:669 - CubeFinder database Configuration version=3.0.35
2023-05-31 23:41:30,001 [INFO] ApiDb:670 - CubeFinder database generation date=2023-02-21 (1676964986)
2023-05-31 23:41:30,001 [INFO] ApiDb:671 - CubeFinder database FW Pack versions=[FP-ATR-ASTRA1_V1.1.1, STM32Cube_FW_C0_V1.0.1, STM32Cube_FW_F0_V1.11.4, STM32Cube_FW_F3_V1.11.4, STM32Cube_FW_F4_V1.27.1, STM32Cube_FW_F7_V1.17.0, STM32Cube_FW_G0_V1.6.1, STM32Cube_FW_G4_V1.5.1, STM32Cube_FW_H5_V0.5.1, STM32Cube_FW_H5_V1.0.0, STM32Cube_FW_H7_V1.11.0, STM32Cube_FW_L0_V1.12.2, STM32Cube_FW_L5_V1.5.0, STM32Cube_FW_U5_V1.2.0, STM32Cube_FW_WBA_V1.0.0, STM32Cube_FW_WBA_V1.0.0RC1, STM32Cube_FW_WBA_V1.0.0RC3, STM32Cube_FW_WB_V1.15.0RC1, STM32Cube_FW_WB_V1.16.0, STM32Cube_FW_WB_V1.16.0RC2, STM32Cube_FW_WL_V1.3.0, X-CUBE-ALGOBUILD_V1.3.0, X-CUBE-ALS_V1.0.1, X-CUBE-AZRTOS-F4_V1.1.0, X-CUBE-AZRTOS-F7_V1.1.0, X-CUBE-AZRTOS-G0_V1.1.0, X-CUBE-AZRTOS-G4_V1.0.0, X-CUBE-AZRTOS-H7_V3.0.0, X-CUBE-AZRTOS-L4_V1.0.0, X-CUBE-AZRTOS-L5_V1.1.0, X-CUBE-AZRTOS-WB_V1.1.0, X-CUBE-AZRTOS-WL_V1.0.0, X-CUBE-BLE1_V6.2.4, X-CUBE-BLE2_V3.3.0, X-CUBE-BLEMGR_V1.3.0, X-CUBE-EEPRMA1_V4.1.0, X-CUBE-GNSS1_V6.0.0, X-CUBE-MEMS1_V9.1.0, X-CUBE-MEMS1_V9.4.0, X-CUBE-MEMS1_V9.5.0, X-CUBE-NFC4_V3.0.0, X-CUBE-NFC7_V1.0.0, X-CUBE-SFXS2LP1_V4.0.0, X-CUBE-SUBG2_V5.0.0]
2023-05-31 23:41:31,259 [INFO] DbExamplesSqlite:376 - Ignored 46 examples not supported by CubeIDE
2023-05-31 23:41:31,259 [INFO] DbExamplesSqlite:377 - Found 7328 examples active
2023-05-31 23:41:31,259 [INFO] DbExamplesSqlite:378 - Found 1095 examples obsolete
2023-05-31 23:41:31,260 [INFO] DbExamplesSqlite:379 - Found 0 examples under development
2023-05-31 23:41:31,260 [INFO] DbExamplesSqlite:380 - Found 77 examples not building
2023-05-31 23:41:31,262 [INFO] DbExamples:125 - Found 7359 examples
2023-05-31 23:41:31,284 [INFO] DbExamples:222 - Found 92 boards with related examples
2023-05-31 23:41:31,285 [INFO] DbExamples:235 - Found 78 MCUs with related examples
2023-05-31 23:41:31,316 [INFO] ApiDb:414 - User favorites file not found: C:\Users\tnc/.stm32cubeide/favorites.examples.txt
2023-05-31 23:41:31,316 [INFO] DbExamples:250 - Set 0 / 0 favorites Examples
2023-05-31 23:41:31,355 [INFO] SoftwarePacks:127 - Download is needed for SW pack 'FP-ATR-ASTRA1_V1.1.1'
2023-05-31 23:41:31,357 [INFO] SoftwarePacks:127 - Download is needed for SW pack 'STM32Cube_FW_C0_V1.0.1'
2023-05-31 23:41:31,358 [INFO] SoftwarePacks:127 - Download is needed for SW pack 'STM32Cube_FW_F4_V1.27.1'
2023-05-31 23:41:31,359 [INFO] SoftwarePacks:127 - Download is needed for SW pack 'STM32Cube_FW_F7_V1.17.0'
2023-05-31 23:41:31,361 [INFO] SoftwarePacks:127 - Download is needed for SW pack 'STM32Cube_FW_G0_V1.6.1'
2023-05-31 23:41:31,362 [INFO] SoftwarePacks:127 - Download is needed for SW pack 'STM32Cube_FW_G4_V1.5.1'
2023-05-31 23:41:31,363 [INFO] SoftwarePacks:127 - Download is needed for SW pack 'STM32Cube_FW_H5_V1.0.0'
2023-05-31 23:41:31,365 [INFO] SoftwarePacks:127 - Download is needed for SW pack 'STM32Cube_FW_H7_V1.11.0'
2023-05-31 23:41:31,366 [INFO] SoftwarePacks:127 - Download is needed for SW pack 'STM32Cube_FW_L0_V1.12.2'
2023-05-31 23:41:31,367 [INFO] SoftwarePacks:127 - Download is needed for SW pack 'STM32Cube_FW_L5_V1.5.0'
2023-05-31 23:41:31,368 [INFO] SoftwarePacks:127 - Download is needed for SW pack 'STM32Cube_FW_U5_V1.2.0'
2023-05-31 23:41:31,370 [INFO] SoftwarePacks:127 - Download is needed for SW pack 'STM32Cube_FW_WBA_V1.0.0'
2023-05-31 23:41:31,371 [INFO] SoftwarePacks:127 - Download is needed for SW pack 'STM32Cube_FW_WB_V1.16.0'
2023-05-31 23:41:31,372 [INFO] SoftwarePacks:127 - Download is needed for SW pack 'STM32Cube_FW_WL_V1.3.0'
2023-05-31 23:41:31,373 [INFO] SoftwarePacks:127 - Download is needed for SW pack 'X-CUBE-ALGOBUILD_V1.3.0'
2023-05-31 23:41:31,373 [INFO] SoftwarePacks:127 - Download is needed for SW pack 'X-CUBE-ALS_V1.0.1'
2023-05-31 23:41:31,373 [INFO] SoftwarePacks:127 - Download is needed for SW pack 'X-CUBE-AZRTOS-F4_V1.1.0'
2023-05-31 23:41:31,373 [INFO] SoftwarePacks:127 - Download is needed for SW pack 'X-CUBE-AZRTOS-F7_V1.1.0'
2023-05-31 23:41:31,373 [INFO] SoftwarePacks:127 - Download is needed for SW pack 'X-CUBE-AZRTOS-G0_V1.1.0'
2023-05-31 23:41:31,373 [INFO] SoftwarePacks:127 - Download is needed for SW pack 'X-CUBE-AZRTOS-G4_V1.0.0'
2023-05-31 23:41:31,373 [INFO] SoftwarePacks:127 - Download is needed for SW pack 'X-CUBE-AZRTOS-H7_V3.0.0'
2023-05-31 23:41:31,374 [INFO] SoftwarePacks:127 - Download is needed for SW pack 'X-CUBE-AZRTOS-L4_V1.0.0'
2023-05-31 23:41:31,374 [INFO] SoftwarePacks:127 - Download is needed for SW pack 'X-CUBE-AZRTOS-L5_V1.1.0'
2023-05-31 23:41:31,374 [INFO] SoftwarePacks:127 - Download is needed for SW pack 'X-CUBE-AZRTOS-WB_V1.1.0'
2023-05-31 23:41:31,374 [INFO] SoftwarePacks:127 - Download is needed for SW pack 'X-CUBE-AZRTOS-WL_V1.0.0'
2023-05-31 23:41:31,374 [INFO] SoftwarePacks:127 - Download is needed for SW pack 'X-CUBE-BLE1_V6.2.4'
2023-05-31 23:41:31,374 [INFO] SoftwarePacks:127 - Download is needed for SW pack 'X-CUBE-BLE2_V3.3.0'
2023-05-31 23:41:31,374 [INFO] SoftwarePacks:127 - Download is needed for SW pack 'X-CUBE-BLEMGR_V1.3.0'
2023-05-31 23:41:31,374 [INFO] SoftwarePacks:127 - Download is needed for SW pack 'X-CUBE-EEPRMA1_V4.1.0'
2023-05-31 23:41:31,375 [INFO] SoftwarePacks:127 - Download is needed for SW pack 'X-CUBE-GNSS1_V6.0.0'
2023-05-31 23:41:31,375 [INFO] SoftwarePacks:127 - Download is needed for SW pack 'X-CUBE-MEMS1_V9.5.0'
2023-05-31 23:41:31,375 [INFO] SoftwarePacks:127 - Download is needed for SW pack 'X-CUBE-NFC4_V3.0.0'
2023-05-31 23:41:31,375 [INFO] SoftwarePacks:127 - Download is needed for SW pack 'X-CUBE-NFC7_V1.0.0'
2023-05-31 23:41:31,375 [INFO] SoftwarePacks:127 - Download is needed for SW pack 'X-CUBE-SFXS2LP1_V4.0.0'
2023-05-31 23:41:31,375 [INFO] SoftwarePacks:127 - Download is needed for SW pack 'X-CUBE-SUBG2_V5.0.0'
2023-05-31 23:41:33,176 [INFO] LoadUrlFilesThread:185 - End of LoadServerUrlFiles without Thread
2023-05-31 23:41:33,176 [INFO] DetailPanel:341 - Set advertising image to C:/Users/tnc/STM32Cube/Repository/\en.Prom_NBSTM32U50921.jpg
2023-05-31 23:41:38,425 [INFO] McuFinderGlobals:66 - Set McuFinderConnectedMode to true
2023-05-31 23:41:39,427 [INFO] ApiDb:448 - Save user favorites file C:\Users\tnc/.stm32cubeide/favorites.mcus.txt: 0 item(s)
2023-05-31 23:41:39,428 [INFO] ApiDb:452 - User favorites MCUs=[]
2023-05-31 23:41:39,430 [INFO] ApiDb:448 - Save user favorites file C:\Users\tnc/.stm32cubeide/favorites.boards.txt: 0 item(s)
2023-05-31 23:41:39,430 [INFO] ApiDb:452 - User favorites Boards=[]
2023-05-31 23:41:39,433 [INFO] ApiDb:448 - Save user favorites file C:\Users\tnc/.stm32cubeide/favorites.examples.txt: 0 item(s)
2023-05-31 23:41:39,433 [INFO] ApiDb:452 - User favorites Examples=[]
